#
# A fatal error has been detected by the Java Runtime Environment:
#
#  Internal Error (/home/stooke/dev/jdk-head/gc-class/jdk/src/hotspot/share/runtime/vmStructs.cpp:2055), pid=945867, tid=945920
#  assert(findType("JstgcHeap") != 0) failed: type "JstgcHeap" not found in type table
#
# JRE version:  (26.0) (fastdebug build )
# Java VM: OpenJDK 64-Bit Server VM (fastdebug 26-internal-adhoc.stooke.jdk, mixed mode, tiered, compressed oops, compressed class ptrs, g1 gc, linux-amd64)
# Problematic frame:
# V  [libjvm.so+0x1b3107f]  VMStructs::init()+0x9a6f
#
# Core dump will be written. Default location: Core dumps may be processed with "/usr/lib/systemd/systemd-coredump %P %u %g %s %t %c %h %d %F" (or dumping to /home/stooke/dev/jdk-head/gc-class/jdk/make/core.945867)
#
#

---------------  S U M M A R Y ------------

Command Line: -Denv.class.path= -Dapplication.home=/home/stooke/dev/jdk-head/gc-class/jdk/build/fastdebug/jdk --add-modules=ALL-DEFAULT -Xms8m -Djava.io.tmpdir=/home/stooke/dev/jdk-head/gc-class/jdk/build/fastdebug/support/javatmp -Djdk.module.main=jdk.compiler jdk.compiler/com.sun.tools.javac.Main -g -Xlint:all -source 26 -target 26 -implicit:none -Xprefer:source -XDignore.symbol.file=true --add-modules jdk.compiler,jdk.jdeps --add-exports jdk.compiler/com.sun.tools.javac.api=ALL-UNNAMED --add-exports jdk.compiler/com.sun.tools.javac.code=ALL-UNNAMED --add-exports jdk.compiler/com.sun.tools.javac.util=ALL-UNNAMED --add-exports jdk.compiler/com.sun.tools.javac.jvm=ALL-UNNAMED -encoding utf-8 -Werror -Xlint:-options -XDmodifiedInputs=/home/stooke/dev/jdk-head/gc-class/jdk/build/fastdebug/buildtools/create_symbols_javac/_the.COMPILE_CREATE_SYMBOLS_batch.modfiles.fixed -d /home/stooke/dev/jdk-head/gc-class/jdk/build/fastdebug/buildtools/create_symbols_javac @/home/stooke/dev/jdk-head/gc-class/jdk/build/fastdebug/buildtools/create_symbols_javac/_the.COMPILE_CREATE_SYMBOLS_batch.filelist

Host: stooke-laptop, AMD Ryzen 7 PRO 7840HS w/ Radeon 780M Graphics, 16 cores, 61G, Fedora release 42 (Adams)
Time: Tue Sep  9 16:18:39 2025 EDT elapsed time: 0.138132 seconds (0d 0h 0m 0s)

---------------  T H R E A D  ---------------

Current thread (0x00007f3df401c740):  JavaThread "Unknown thread" [_thread_in_vm, id=945920, stack(0x00007f3dfbd00000,0x00007f3dfbe00000) (1024K)]

Stack: [0x00007f3dfbd00000,0x00007f3dfbe00000],  sp=0x00007f3dfbdfcbe0,  free space=1010k
Native frames: (J=compiled Java code, j=interpreted, Vv=VM code, C=native code)
V  [libjvm.so+0x1b3107f]  VMStructs::init()+0x9a6f  (vmStructs.cpp:2055)
V  [libjvm.so+0xd223c2]  init_globals2()+0x22  (init.cpp:179)
V  [libjvm.so+0x1a485fb]  Threads::create_vm(JavaVMInitArgs*, bool*)+0x3db  (threads.cpp:615)
V  [libjvm.so+0xeeee74]  JNI_CreateJavaVM+0x54  (jni.cpp:3589)
C  [libjli.so+0x202a]  JavaMain+0x8a  (java.c:1506)
C  [libjli.so+0x61c9]  ThreadJavaMain+0x9  (java_md.c:646)
C  [libc.so.6+0x71154]  start_thread+0x2e4
Registers:
RAX=0x00007f3dfeb45000, RBX=0x00007f3dfe896d84, RCX=0x00007f3dfe3d77f8, RDX=0x00007f3dfe3d7828
RSP=0x00007f3dfbdfcbe0, RBP=0x00007f3dfbdfcbf0, RSI=0x0000000000000807, RDI=0x00007f3dfe3d76e0
R8 =0x0000000000000000, R9 =0x0000000000000000, R10=0x0000000000000000, R11=0x00007f3dfbdff6c0
R12=0x00007f3dfe830d30, R13=0x00007f3dfbdfee30, R14=0x00007f3df401c740, R15=0x00007f3dfbdfed7f
RIP=0x00007f3dfdd3107f, EFLAGS=0x0000000000010246, CSGSFS=0x002b000000000033, ERR=0x0000000000000006
  TRAPNO=0x000000000000000e

XMM[0]=0x00007f3dfbdfcb90 0x0000003000000010
XMM[1]=0x006b636f6c206576 0x69746361206b6165
XMM[2]=0x0000000000000000 0x0000000000000001
XMM[3]=0x0000000000000000 0x00007f3dfe71b5d8
XMM[4]=0xffffffffffffffff 0xffffffff00000005
XMM[5]=0xffffffffffffffff 0xffffffff00000005
XMM[6]=0xffffffffffffffff 0xffffffff00000005
XMM[7]=0x0000000000000000 0x00007f3dfe71b5d8
XMM[8]=0x0000000000000002 0x0000000000000002
XMM[9]=0xffffffffffffffff 0xffffffffffffffff
XMM[10]=0x0000000000000001 0x0000000000000001
XMM[11]=0x0000000000000000 0x00007f3dfe3ff880
XMM[12]=0x0000000000000000 0x00ff00fd00fb00f9
XMM[13]=0x0000000000ff00fb 0x0000000000fe00fa
XMM[14]=0x0000000000000000 0x0000000000000000
XMM[15]=0x0000000000000000 0x0000000000000000
  MXCSR=0x00001fa2


Top of Stack: (sp=0x00007f3dfbdfcbe0)
0x00007f3dfbdfcbe0:   00007f3dfbdfcc30 00007f3dfe8d3f00   0...=....?..=...
0x00007f3dfbdfcbf0:   00007f3dfbdfcc00 00007f3dfcf223c2   ....=....#..=...
0x00007f3dfbdfcc00:   00007f3dfbdfed50 00007f3dfdc485fb   P...=.......=...
0x00007f3dfbdfcc10:   0000000000000000 0000000000000000   ................
0x00007f3dfbdfcc20:   0000000000000000 00007f3df401c740   ........@...=...
0x00007f3dfbdfcc30:   0000000000000001 000001993021672f   ......../g!0....
0x00007f3dfbdfcc40:   0000000000000000 0000000000000000   ................
0x00007f3dfbdfcc50:   0000000000000100 0000000000000000   ................
0x00007f3dfbdfcc60:   fefefefefefefefe 0000000000000000   ................
0x00007f3dfbdfcc70:   fefefefefefefefe 00007f3dfe23558d   .........U#.=...
0x00007f3dfbdfcc80:   0000000000000000 0000000000000000   ................
0x00007f3dfbdfcc90:   0000000000000000 0000000000000000   ................
0x00007f3dfbdfcca0:   0000000000000000 0000000000000000   ................
0x00007f3dfbdfccb0:   0000000000000000 0000000000000000   ................
0x00007f3dfbdfccc0:   0000000000000000 0000000000000000   ................
0x00007f3dfbdfccd0:   0000000000000000 0000000000000000   ................
0x00007f3dfbdfcce0:   0000000000000000 0000000000000000   ................
0x00007f3dfbdfccf0:   0000000000000000 0000000000000000   ................
0x00007f3dfbdfcd00:   0000000000000000 0000000000000000   ................
0x00007f3dfbdfcd10:   0000000000000000 0000000000000000   ................
0x00007f3dfbdfcd20:   0000000000000000 0000000000000000   ................
0x00007f3dfbdfcd30:   0000000000000000 0000000000000000   ................
0x00007f3dfbdfcd40:   0000000000000000 0000000000000000   ................
0x00007f3dfbdfcd50:   0000000000000000 0000000000000000   ................
0x00007f3dfbdfcd60:   0000000000000000 0000000000000000   ................
0x00007f3dfbdfcd70:   0000000000000000 0000000000000000   ................
0x00007f3dfbdfcd80:   0000000000000000 0000000000000000   ................
0x00007f3dfbdfcd90:   0000000000000000 0000000000000000   ................
0x00007f3dfbdfcda0:   0000000000000000 0000000000000000   ................
0x00007f3dfbdfcdb0:   0000000000000000 0000000000000000   ................
0x00007f3dfbdfcdc0:   0000000000000000 0000000000000000   ................
0x00007f3dfbdfcdd0:   0000000000000000 0000000000000000   ................

Instructions: (pc=0x00007f3dfdd3107f)
  0x00007f3dfdd30f7f:   1d 79 6a 00 48 8d 15 3e 79 6a 00 be 15 08 00 00
  0x00007f3dfdd30f8f:   48 8d 3d 4a 67 6a 00 48 8b 00 c6 00 58 31 c0 e8
  0x00007f3dfdd30f9f:   3d 9c de fe 48 8d 05 6e b8 ae 00 48 8d 0d cf 66
  0x00007f3dfdd30faf:   6a 00 48 8d 15 f8 66 6a 00 be 07 08 00 00 48 8d
  0x00007f3dfdd30fbf:   3d 1c 67 6a 00 48 8b 00 c6 00 58 31 c0 e8 0f 9c
  0x00007f3dfdd30fcf:   de fe 48 8d 05 40 b8 ae 00 48 8d 0d 51 67 6a 00
  0x00007f3dfdd30fdf:   48 8d 15 7a 67 6a 00 be 07 08 00 00 48 8d 3d ee
  0x00007f3dfdd30fef:   66 6a 00 48 8b 00 c6 00 58 31 c0 e8 e1 9b de fe
  0x00007f3dfdd30fff:   48 8d 05 12 b8 ae 00 48 8d 0d 73 66 6a 00 48 8d
  0x00007f3dfdd3100f:   15 9c 66 6a 00 be 07 08 00 00 48 8d 3d c0 66 6a
  0x00007f3dfdd3101f:   00 48 8b 00 c6 00 58 31 c0 e8 b3 9b de fe 48 8d
  0x00007f3dfdd3102f:   05 e4 b7 ae 00 48 8d 0d 55 67 6a 00 48 8d 15 7e
  0x00007f3dfdd3103f:   67 6a 00 be 07 08 00 00 48 8d 3d 92 66 6a 00 48
  0x00007f3dfdd3104f:   8b 00 c6 00 58 31 c0 e8 85 9b de fe 48 8d 05 b6
  0x00007f3dfdd3105f:   b7 ae 00 48 8d 0d 8f 67 6a 00 48 8d 15 b8 67 6a
  0x00007f3dfdd3106f:   00 be 07 08 00 00 48 8d 3d 64 66 6a 00 48 8b 00
=>0x00007f3dfdd3107f:   c6 00 58 31 c0 e8 57 9b de fe 48 8d 05 88 b7 ae
  0x00007f3dfdd3108f:   00 48 8d 0d 99 66 6a 00 48 8d 15 c2 66 6a 00 be
  0x00007f3dfdd3109f:   07 08 00 00 48 8d 3d 36 66 6a 00 48 8b 00 c6 00
  0x00007f3dfdd310af:   58 31 c0 e8 29 9b de fe 48 8d 05 5a b7 ae 00 48
  0x00007f3dfdd310bf:   8d 0d 33 67 6a 00 48 8d 15 5c 67 6a 00 be 07 08
  0x00007f3dfdd310cf:   00 00 48 8d 3d 08 66 6a 00 48 8b 00 c6 00 58 31
  0x00007f3dfdd310df:   c0 e8 fb 9a de fe 48 8d 05 2c b7 ae 00 48 8d 0d
  0x00007f3dfdd310ef:   9d 66 6a 00 48 8d 15 c6 66 6a 00 be 07 08 00 00
  0x00007f3dfdd310ff:   48 8d 3d da 65 6a 00 48 8b 00 c6 00 58 31 c0 e8
  0x00007f3dfdd3110f:   cd 9a de fe 48 8d 05 fe b6 ae 00 48 8d 0d 37 67
  0x00007f3dfdd3111f:   6a 00 48 8d 15 60 67 6a 00 be 07 08 00 00 48 8d
  0x00007f3dfdd3112f:   3d ac 65 6a 00 48 8b 00 c6 00 58 31 c0 e8 9f 9a
  0x00007f3dfdd3113f:   de fe 48 8d 05 d0 b6 ae 00 48 8d 0d 69 67 6a 00
  0x00007f3dfdd3114f:   48 8d 15 92 67 6a 00 be 07 08 00 00 48 8d 3d 7e
  0x00007f3dfdd3115f:   65 6a 00 48 8b 00 c6 00 58 31 c0 e8 71 9a de fe
  0x00007f3dfdd3116f:   48 8d 05 a2 b6 ae 00 48 8d 0d db 66 6a 00 48 8d


Lock stack of current Java thread (top to bottom):


---------------  P R O C E S S  ---------------

uid  : 1000 euid : 1000 gid  : 1000 egid : 1000

umask: 0022 (----w--w-)

Threads class SMR info:
_java_thread_list=0x00007f3df40d09e0, length=1, elements={
0x00007f3df401c740
}
_java_thread_list_alloc_cnt=2, _java_thread_list_free_cnt=0, _java_thread_list_max=1, _nested_thread_list_max=0
_tlh_cnt=1, _tlh_times=0, avg_tlh_time=0.00, _tlh_time_max=0
_delete_lock_wait_cnt=0, _delete_lock_wait_max=0
_to_delete_list_cnt=0, _to_delete_list_max=0

Java Threads: ( => current thread )
=>0x00007f3df401c740 JavaThread "Unknown thread"             [_thread_in_vm, id=945920, stack(0x00007f3dfbd00000,0x00007f3dfbe00000) (1024K)]
Total: 1

Other Threads:
  0x00007f3df40d0b70 WatcherThread "VM Periodic Task Thread"        [id=945987, stack(0x00007f3dd1521000,0x00007f3dd1621000) (1024K)]
  0x00007f3df404d720 WorkerThread "GC Thread#0"                     [id=945948, stack(0x00007f3df8d2d000,0x00007f3df8e2d000) (1024K)]
  0x00007f3df4066920 ConcurrentGCThread "G1 Main Marker"            [id=945949, stack(0x00007f3df8c2c000,0x00007f3df8d2c000) (1024K)]
  0x00007f3df4067d10 WorkerThread "G1 Conc#0"                       [id=945961, stack(0x00007f3df8b2b000,0x00007f3df8c2b000) (1024K)]
  0x00007f3df40bbb40 ConcurrentGCThread "G1 Refine#0"               [id=945981, stack(0x00007f3dd17ff000,0x00007f3dd18ff000) (1024K)]
  0x00007f3df40bcfe0 ConcurrentGCThread "G1 Service"                [id=945983, stack(0x00007f3dd16fe000,0x00007f3dd17fe000) (1024K)]
Total: 6

Threads with active compile tasks:
Total: 0

VM state: not at safepoint (not fully initialized)

VM Mutex/Monitor currently owned by a thread: None

Heap address: 0x0000000428800000, size: 15736 MB, Compressed Oops mode: Zero based, Oop shift amount: 3

CDS archive(s) not mapped
Compressed class space mapped at: 0x0000000087000000-0x00000000c7000000, reserved size: 1073741824
UseCompressedClassPointers 1, UseCompactObjectHeaders 0
Narrow klass pointer bits 32, Max shift 3
Narrow klass base: 0x0000000000000000, Narrow klass shift: 0
Encoding Range: [0x0000000000000000 - 0x0000000100000000), (4294967296 bytes)
Klass Range:    [0x0000000087000000 - 0x00000000c7000000), (1073741824 bytes)
Klass ID Range:  [2264924160 - 3338665977) (1073741817)
No protection zone.

GC Precious Log:
 CardTable entry size: 512
 Card Set container configuration: InlinePtr #cards 4 size 8 Array Of Cards #cards 64 size 144 Howl #buckets 8 coarsen threshold 14745 Howl Bitmap #cards 2048 size 272 coarsen threshold 1843 Card regions per heap region 1 cards per card region 16384
 CPUs: 16 total, 16 available
 Memory: 62912M
 Large Page Support: Disabled
 NUMA Support: Disabled
 Compressed Oops: Enabled (Zero based)
 Heap Region Size: 8M
 Heap Min Capacity: 8M
 Heap Initial Capacity: 8M
 Heap Max Capacity: 15736M
 Pre-touch: Disabled
 Parallel Workers: 13
 Concurrent Workers: 3
 Concurrent Refinement Workers: 13
 Periodic GC: Disabled

Heap:
 garbage-first heap   total reserved 16113664K, committed 8192K, used 0K [0x0000000428800000, 0x0000000800000000)
  region size 8192K, 1 young (8192K), 0 survivors (0K)

Heap Regions: E=young(eden), S=young(survivor), O=old, HS=humongous(starts), HC=humongous(continues), CS=collection set, F=free, TAMS=top-at-mark-start, PB=parsable bottom
|   0|0x0000000428800000, 0x0000000428828fd0, 0x0000000429000000|  2%| E|  |TAMS 0x0000000428800000| PB 0x0000000428800000| Complete |  0

Card table byte_map: [0x00007f3de3144000,0x00007f3de5000000] _byte_map_base: 0x00007f3de1000000

Marking Bits: (CMBitMap*) 0x00007f3df404eae0
 Bits: [0x00007f3dd3b64000, 0x00007f3de3144000)

GC Heap Usage History (0 events):
No events

Metaspace Usage History (0 events):
No events

Dll operation events (1 events):
Event: 0.011 Loaded shared library /home/stooke/dev/jdk-head/gc-class/jdk/build/fastdebug/jdk/lib/libjava.so

Deoptimization events (0 events):
No events

Classes loaded (20 events):
Event: 0.097 Loading class java/lang/Long
Event: 0.097 Loading class java/lang/Long done
Event: 0.097 Loading class java/lang/Void
Event: 0.097 Loading class java/lang/Void done
Event: 0.097 Loading class java/util/Iterator
Event: 0.097 Loading class java/util/Iterator done
Event: 0.097 Loading class java/lang/reflect/RecordComponent
Event: 0.098 Loading class java/lang/reflect/RecordComponent done
Event: 0.098 Loading class jdk/internal/vm/vector/VectorSupport
Event: 0.098 Loading class jdk/internal/vm/vector/VectorSupport done
Event: 0.098 Loading class jdk/internal/vm/vector/VectorSupport$VectorPayload
Event: 0.098 Loading class jdk/internal/vm/vector/VectorSupport$VectorPayload done
Event: 0.098 Loading class jdk/internal/vm/vector/VectorSupport$Vector
Event: 0.098 Loading class jdk/internal/vm/vector/VectorSupport$Vector done
Event: 0.098 Loading class jdk/internal/vm/vector/VectorSupport$VectorMask
Event: 0.098 Loading class jdk/internal/vm/vector/VectorSupport$VectorMask done
Event: 0.098 Loading class jdk/internal/vm/vector/VectorSupport$VectorShuffle
Event: 0.098 Loading class jdk/internal/vm/vector/VectorSupport$VectorShuffle done
Event: 0.098 Loading class jdk/internal/vm/FillerObject
Event: 0.098 Loading class jdk/internal/vm/FillerObject done

Classes unloaded (0 events):
No events

Classes redefined (0 events):
No events

Internal exceptions (0 events):
No events

VM Operations (0 events):
No events

Memory protections (1 events):
Event: 0.008 Protecting memory [0x00007f3dfbd00000,0x00007f3dfbd04000] with protection modes 0

Nmethod flushes (0 events):
No events

Events (1 events):
Event: 0.062 Thread 0x00007f3df401c740 Thread added: 0x00007f3df401c740


Dynamic libraries:
87000000-87020000 rw-p 00000000 00:00 0 
87020000-c7000000 ---p 00000000 00:00 0 
428800000-429000000 rw-p 00000000 00:00 0 
429000000-800000000 ---p 00000000 00:00 0 
5646b99ff000-5646b9a00000 r-xp 00000000 00:24 33485686                   /home/stooke/dev/jdk-head/gc-class/jdk/build/fastdebug/jdk/bin/javac
5646b9a00000-5646b9a01000 r--p 00001000 00:24 33485686                   /home/stooke/dev/jdk-head/gc-class/jdk/build/fastdebug/jdk/bin/javac
5646b9a01000-5646b9a02000 r--p 00001000 00:24 33485686                   /home/stooke/dev/jdk-head/gc-class/jdk/build/fastdebug/jdk/bin/javac
5646b9a02000-5646b9a03000 rw-p 00002000 00:24 33485686                   /home/stooke/dev/jdk-head/gc-class/jdk/build/fastdebug/jdk/bin/javac
5646d3cf9000-5646d3d41000 rw-p 00000000 00:00 0                          [heap]
7f3db0000000-7f3db0180000 rw-p 00000000 00:00 0 
7f3db0180000-7f3db4000000 ---p 00000000 00:00 0 
7f3db4000000-7f3db4021000 rw-p 00000000 00:00 0 
7f3db4021000-7f3db8000000 ---p 00000000 00:00 0 
7f3dbc000000-7f3dbc021000 rw-p 00000000 00:00 0 
7f3dbc021000-7f3dc0000000 ---p 00000000 00:00 0 
7f3dc0000000-7f3dc0021000 rw-p 00000000 00:00 0 
7f3dc0021000-7f3dc4000000 ---p 00000000 00:00 0 
7f3dc4000000-7f3dc4021000 rw-p 00000000 00:00 0 
7f3dc4021000-7f3dc8000000 ---p 00000000 00:00 0 
7f3dc8000000-7f3dc8021000 rw-p 00000000 00:00 0 
7f3dc8021000-7f3dcc000000 ---p 00000000 00:00 0 
7f3dcc000000-7f3dcc021000 rw-p 00000000 00:00 0 
7f3dcc021000-7f3dd0000000 ---p 00000000 00:00 0 
7f3dd09a1000-7f3dd1520000 rw-p 00000000 00:00 0 
7f3dd1520000-7f3dd1521000 ---p 00000000 00:00 0 
7f3dd1521000-7f3dd1621000 rw-p 00000000 00:00 0 
7f3dd1621000-7f3dd16fd000 rw-p 00000000 00:00 0 
7f3dd16fd000-7f3dd16fe000 ---p 00000000 00:00 0 
7f3dd16fe000-7f3dd17fe000 rw-p 00000000 00:00 0 
7f3dd17fe000-7f3dd17ff000 ---p 00000000 00:00 0 
7f3dd17ff000-7f3dd18ff000 rw-p 00000000 00:00 0 
7f3dd18ff000-7f3dd3a00000 rw-p 00000000 00:00 0 
7f3dd3a22000-7f3dd3b84000 rw-p 00000000 00:00 0 
7f3dd3b84000-7f3de3144000 ---p 00000000 00:00 0 
7f3de3144000-7f3de3148000 rw-p 00000000 00:00 0 
7f3de3148000-7f3de5000000 ---p 00000000 00:00 0 
7f3de5000000-7f3de5270000 rwxp 00000000 00:00 0 
7f3de5270000-7f3dec45f000 ---p 00000000 00:00 0 
7f3dec45f000-7f3dec6cf000 rwxp 00000000 00:00 0 
7f3dec6cf000-7f3decb9f000 ---p 00000000 00:00 0 
7f3decb9f000-7f3dece0f000 rwxp 00000000 00:00 0 
7f3dece0f000-7f3df4000000 ---p 00000000 00:00 0 
7f3df4000000-7f3df4177000 rw-p 00000000 00:00 0 
7f3df4177000-7f3df8000000 ---p 00000000 00:00 0 
7f3df801f000-7f3df8b2a000 rw-p 00000000 00:00 0 
7f3df8b2a000-7f3df8b2b000 ---p 00000000 00:00 0 
7f3df8b2b000-7f3df8c2b000 rw-p 00000000 00:00 0 
7f3df8c2b000-7f3df8c2c000 ---p 00000000 00:00 0 
7f3df8c2c000-7f3df8d2c000 rw-p 00000000 00:00 0 
7f3df8d2c000-7f3df8d2d000 ---p 00000000 00:00 0 
7f3df8d2d000-7f3df8e2d000 rw-p 00000000 00:00 0 
7f3df8e2d000-7f3df8eee000 rw-p 00000000 00:00 0 
7f3df8eee000-7f3dfada6000 ---p 00000000 00:00 0 
7f3dfada6000-7f3dfbb33000 rw-p 00000000 00:00 0 
7f3dfbb33000-7f3dfbc17000 ---p 00000000 00:00 0 
7f3dfbc17000-7f3dfbc1c000 rw-p 00000000 00:00 0 
7f3dfbc1c000-7f3dfbd00000 ---p 00000000 00:00 0 
7f3dfbd00000-7f3dfbd04000 ---p 00000000 00:00 0 
7f3dfbd04000-7f3dfbe00000 rw-p 00000000 00:00 0 
7f3dfbe00000-7f3dfbf41000 r-xp 00000000 00:24 4873235                    /usr/lib64/libstdc++.so.6.0.34
7f3dfbf41000-7f3dfc061000 r--p 00141000 00:24 4873235                    /usr/lib64/libstdc++.so.6.0.34
7f3dfc061000-7f3dfc072000 r--p 00260000 00:24 4873235                    /usr/lib64/libstdc++.so.6.0.34
7f3dfc072000-7f3dfc073000 rw-p 00271000 00:24 4873235                    /usr/lib64/libstdc++.so.6.0.34
7f3dfc073000-7f3dfc077000 rw-p 00000000 00:00 0 
7f3dfc085000-7f3dfc0c3000 rw-p 00000000 00:00 0 
7f3dfc0c3000-7f3dfc0d2000 r-xp 00000000 00:24 33484973                   /home/stooke/dev/jdk-head/gc-class/jdk/build/fastdebug/jdk/lib/libjava.so
7f3dfc0d2000-7f3dfc0e3000 r--p 0000f000 00:24 33484973                   /home/stooke/dev/jdk-head/gc-class/jdk/build/fastdebug/jdk/lib/libjava.so
7f3dfc0e3000-7f3dfc0e4000 r--p 00020000 00:24 33484973                   /home/stooke/dev/jdk-head/gc-class/jdk/build/fastdebug/jdk/lib/libjava.so
7f3dfc0e4000-7f3dfc0e5000 rw-p 00021000 00:24 33484973                   /home/stooke/dev/jdk-head/gc-class/jdk/build/fastdebug/jdk/lib/libjava.so
7f3dfc0e5000-7f3dfc0e6000 rw-p 00000000 00:00 0 
7f3dfc0e6000-7f3dfc109000 r-xp 00000000 00:24 4873225                    /usr/lib64/libgcc_s-15-20250808.so.1
7f3dfc109000-7f3dfc110000 r--p 00023000 00:24 4873225                    /usr/lib64/libgcc_s-15-20250808.so.1
7f3dfc110000-7f3dfc111000 r--p 0002a000 00:24 4873225                    /usr/lib64/libgcc_s-15-20250808.so.1
7f3dfc111000-7f3dfc112000 rw-p 00000000 00:00 0 
7f3dfc112000-7f3dfc18e000 r-xp 00000000 00:24 4628848                    /usr/lib64/libm.so.6
7f3dfc18e000-7f3dfc1fe000 r--p 0007c000 00:24 4628848                    /usr/lib64/libm.so.6
7f3dfc1fe000-7f3dfc1ff000 r--p 000eb000 00:24 4628848                    /usr/lib64/libm.so.6
7f3dfc1ff000-7f3dfc200000 rw-p 000ec000 00:24 4628848                    /usr/lib64/libm.so.6
7f3dfc200000-7f3dfde7d000 r-xp 00000000 00:24 33483532                   /home/stooke/dev/jdk-head/gc-class/jdk/build/fastdebug/jdk/lib/server/libjvm.so
7f3dfde7d000-7f3dfe705000 r--p 01c7d000 00:24 33483532                   /home/stooke/dev/jdk-head/gc-class/jdk/build/fastdebug/jdk/lib/server/libjvm.so
7f3dfe705000-7f3dfe817000 r--p 02504000 00:24 33483532                   /home/stooke/dev/jdk-head/gc-class/jdk/build/fastdebug/jdk/lib/server/libjvm.so
7f3dfe817000-7f3dfe845000 rw-p 02616000 00:24 33483532                   /home/stooke/dev/jdk-head/gc-class/jdk/build/fastdebug/jdk/lib/server/libjvm.so
7f3dfe845000-7f3dfe90c000 rw-p 00000000 00:00 0 
7f3dfe913000-7f3dfe918000 rw-p 00000000 00:00 0 
7f3dfe918000-7f3dfe922000 ---p 00000000 00:00 0 
7f3dfe922000-7f3dfe924000 rw-p 00000000 00:00 0 
7f3dfe924000-7f3dfe93b000 r-xp 00000000 00:24 4873249                    /usr/lib64/libz.so.1.3.1.zlib-ng
7f3dfe93b000-7f3dfe945000 r--p 00017000 00:24 4873249                    /usr/lib64/libz.so.1.3.1.zlib-ng
7f3dfe945000-7f3dfe946000 r--p 00020000 00:24 4873249                    /usr/lib64/libz.so.1.3.1.zlib-ng
7f3dfe946000-7f3dfe947000 rw-p 00021000 00:24 4873249                    /usr/lib64/libz.so.1.3.1.zlib-ng
7f3dfe947000-7f3dfeab5000 r-xp 00000000 00:24 4628846                    /usr/lib64/libc.so.6
7f3dfeab5000-7f3dfeb2a000 r--p 0016e000 00:24 4628846                    /usr/lib64/libc.so.6
7f3dfeb2a000-7f3dfeb2e000 r--p 001e2000 00:24 4628846                    /usr/lib64/libc.so.6
7f3dfeb2e000-7f3dfeb30000 rw-p 001e6000 00:24 4628846                    /usr/lib64/libc.so.6
7f3dfeb30000-7f3dfeb38000 rw-p 00000000 00:00 0 
7f3dfeb3b000-7f3dfeb43000 rw-s 00000000 00:29 16489                      /tmp/hsperfdata_stooke/945867
7f3dfeb43000-7f3dfeb44000 ---p 00000000 00:00 0 
7f3dfeb44000-7f3dfeb45000 r--p 00000000 00:00 0 
7f3dfeb45000-7f3dfeb46000 rwxp 00000000 00:00 0 
7f3dfeb46000-7f3dfeb49000 r-xp 00000000 00:24 33484960                   /home/stooke/dev/jdk-head/gc-class/jdk/build/fastdebug/jdk/lib/libjimage.so
7f3dfeb49000-7f3dfeb4c000 r--p 00003000 00:24 33484960                   /home/stooke/dev/jdk-head/gc-class/jdk/build/fastdebug/jdk/lib/libjimage.so
7f3dfeb4c000-7f3dfeb4d000 r--p 00006000 00:24 33484960                   /home/stooke/dev/jdk-head/gc-class/jdk/build/fastdebug/jdk/lib/libjimage.so
7f3dfeb4d000-7f3dfeb4e000 rw-p 00007000 00:24 33484960                   /home/stooke/dev/jdk-head/gc-class/jdk/build/fastdebug/jdk/lib/libjimage.so
7f3dfeb4e000-7f3dfeb58000 r-xp 00000000 00:24 33484991                   /home/stooke/dev/jdk-head/gc-class/jdk/build/fastdebug/jdk/lib/libjli.so
7f3dfeb58000-7f3dfeb5d000 r--p 0000a000 00:24 33484991                   /home/stooke/dev/jdk-head/gc-class/jdk/build/fastdebug/jdk/lib/libjli.so
7f3dfeb5d000-7f3dfeb5e000 r--p 0000e000 00:24 33484991                   /home/stooke/dev/jdk-head/gc-class/jdk/build/fastdebug/jdk/lib/libjli.so
7f3dfeb5e000-7f3dfeb5f000 rw-p 0000f000 00:24 33484991                   /home/stooke/dev/jdk-head/gc-class/jdk/build/fastdebug/jdk/lib/libjli.so
7f3dfeb5f000-7f3dfeb61000 rw-p 00000000 00:00 0 
7f3dfeb61000-7f3dfeb65000 r--p 00000000 00:00 0                          [vvar]
7f3dfeb65000-7f3dfeb67000 r--p 00000000 00:00 0                          [vvar_vclock]
7f3dfeb67000-7f3dfeb69000 r-xp 00000000 00:00 0                          [vdso]
7f3dfeb69000-7f3dfeb92000 r-xp 00000000 00:24 4628843                    /usr/lib64/ld-linux-x86-64.so.2
7f3dfeb92000-7f3dfeb9d000 r--p 00029000 00:24 4628843                    /usr/lib64/ld-linux-x86-64.so.2
7f3dfeb9d000-7f3dfeb9f000 r--p 00034000 00:24 4628843                    /usr/lib64/ld-linux-x86-64.so.2
7f3dfeb9f000-7f3dfeba0000 rw-p 00036000 00:24 4628843                    /usr/lib64/ld-linux-x86-64.so.2
7f3dfeba0000-7f3dfeba1000 rw-p 00000000 00:00 0 
7ffc2fc24000-7ffc2fc46000 rw-p 00000000 00:00 0                          [stack]
ffffffffff600000-ffffffffff601000 --xp 00000000 00:00 0                  [vsyscall]
Total number of mappings: 118

JVMTI agents: none


VM Arguments:
jvm_args: -Denv.class.path= -Dapplication.home=/home/stooke/dev/jdk-head/gc-class/jdk/build/fastdebug/jdk --add-modules=ALL-DEFAULT -Xms8m -Djava.io.tmpdir=/home/stooke/dev/jdk-head/gc-class/jdk/build/fastdebug/support/javatmp -Djdk.module.main=jdk.compiler 
java_command: jdk.compiler/com.sun.tools.javac.Main -g -Xlint:all -source 26 -target 26 -implicit:none -Xprefer:source -XDignore.symbol.file=true --add-modules jdk.compiler,jdk.jdeps --add-exports jdk.compiler/com.sun.tools.javac.api=ALL-UNNAMED --add-exports jdk.compiler/com.sun.tools.javac.code=ALL-UNNAMED --add-exports jdk.compiler/com.sun.tools.javac.util=ALL-UNNAMED --add-exports jdk.compiler/com.sun.tools.javac.jvm=ALL-UNNAMED -encoding utf-8 -Werror -Xlint:-options -XDmodifiedInputs=/home/stooke/dev/jdk-head/gc-class/jdk/build/fastdebug/buildtools/create_symbols_javac/_the.COMPILE_CREATE_SYMBOLS_batch.modfiles.fixed -d /home/stooke/dev/jdk-head/gc-class/jdk/build/fastdebug/buildtools/create_symbols_javac @/home/stooke/dev/jdk-head/gc-class/jdk/build/fastdebug/buildtools/create_symbols_javac/_the.COMPILE_CREATE_SYMBOLS_batch.filelist
java_class_path (initial): <not set>
Launcher Type: SUN_STANDARD

[Global flags]
     bool AOTAdapterCaching                        = false                                  {diagnostic} {ergonomic}     Enable saving and restoring i2c2i adapters in AOT cache
     bool AOTInvokeDynamicLinking                  = false                                  {diagnostic} {ergonomic}     AOT-link JVM_CONSTANT_InvokeDynamic entries in cached ConstantPools
     bool AOTRecordTraining                        = false                                  {diagnostic} {ergonomic}     Request output of training data for improved deployment.
     bool AOTReplayTraining                        = false                                  {diagnostic} {ergonomic}     Read training data, if available, for use in this execution
     bool AOTStubCaching                           = false                                  {diagnostic} {ergonomic}     Enable saving and restoring stubs and code blobs in AOT cache
     intx CICompilerCount                          = 12                                        {product} {ergonomic}     Number of compiler threads to run
     uint ConcGCThreads                            = 3                                         {product} {ergonomic}     Number of threads concurrent gc will use
     uint G1ConcRefinementThreads                  = 13                                        {product} {ergonomic}     The number of parallel remembered set update threads. Will be set ergonomically by default.
   size_t G1HeapRegionSize                         = 8388608                                   {product} {ergonomic}     Size of the G1 regions.
   size_t InitialHeapSize                          = 8388608                                   {product} {command line}  Initial heap size (in bytes); zero means use ergonomics
     bool IntelJccErratumMitigation                = false                             {ARCH diagnostic} {ergonomic}     Turn off JVM mitigations related to Intel micro code mitigations for the Intel JCC erratum
   size_t MarkStackSize                            = 4194304                                   {product} {ergonomic}     Size of marking stack in bytes.
   size_t MarkStackSizeMax                         = 536870912                                 {product} {ergonomic}     Maximum size of marking stack in bytes.
   size_t MaxHeapSize                              = 16500391936                               {product} {ergonomic}     Maximum heap size (in bytes)
   size_t MaxNewSize                               = 9898557440                                {product} {ergonomic}     Maximum new generation size (in bytes), max_uintx means set ergonomically
   size_t MinHeapDeltaBytes                        = 8388608                                   {product} {ergonomic}     The minimum change in heap space due to GC (in bytes)
   size_t MinHeapSize                              = 8388608                                   {product} {command line}  Minimum heap size (in bytes); zero means use ergonomics
   size_t NonNMethodCodeHeapSize                   = 7602176                                {pd product} {ergonomic}     Size of code heap with non-nmethods (in bytes)
   size_t NonProfiledCodeHeapSize                  = 122032128                              {pd product} {ergonomic}     Size of code heap with non-profiled methods (in bytes)
   size_t ProfiledCodeHeapSize                     = 122023936                              {pd product} {ergonomic}     Size of code heap with profiled methods (in bytes)
   size_t ReservedCodeCacheSize                    = 251658240                              {pd product} {ergonomic}     Reserved code cache size (in bytes) - maximum code cache size
     bool SegmentedCodeCache                       = true                                      {product} {ergonomic}     Use a segmented code cache
   size_t SoftMaxHeapSize                          = 16500391936                            {manageable} {ergonomic}     Soft limit for maximum heap size (in bytes)
     bool THPStackMitigation                       = false                                  {diagnostic} {ergonomic}     If THPs are unconditionally enabled on the system (mode "always"), the JVM will prevent THP from forming in thread stacks. When disabled, the absence of this mitigationallows THPs to form in thread stacks.
     bool UseCompressedOops                        = true                           {product lp64_product} {ergonomic}   Use 32-bit object references in 64-bit VM. lp64_product means flag is always constant in 32 bit VM
     bool UseG1GC                                  = true                                      {product} {ergonomic}     Use the Garbage-First garbage collector
      int X86ICacheSync                            = 3                                 {ARCH diagnostic} {ergonomic}     Select the X86 ICache sync mechanism: -1 = auto-select; 0 = none (dangerous); 1 = CLFLUSH loop; 2 = CLFLUSHOPT loop; 3 = CLWB loop; 4 = single CPUID; 5 = single SERIALIZE. Explicitly selected mechanism will fail at startup if hardware does not support it.

Logging:
Log output configuration:
 #0: stdout all=warning uptime,level,tags foldmultilines=false
 #1: stderr all=off uptime,level,tags foldmultilines=false

Release file:
<release file has not been read>
Environment Variables:
CLASSPATH=
PATH=/home/stooke/tools/idea-IC-243.21565.193/bin:/home/stooke/tools/idea-IC-243.21565.193/bin:/home/stooke/.local/bin:/home/stooke/bin:/usr/local/sbin:/usr/local/bin:/usr/sbin:/usr/bin
USERNAME=stooke
SHELL=/bin/bash
DISPLAY=:0
WAYLAND_DISPLAY=wayland-0
LANG=en_US.UTF-8
LC_ALL=C.UTF-8
TERM=xterm-256color

Active Locale:
LC_ALL=C
LC_COLLATE=C
LC_CTYPE=C
LC_MESSAGES=C
LC_MONETARY=C
LC_NUMERIC=C
LC_TIME=C

Signal Handlers:
   SIGSEGV: crash_handler in libjvm.so, mask=11100100010111111101111111111110, flags=SA_RESTART|SA_SIGINFO, unblocked
    SIGBUS: crash_handler in libjvm.so, mask=11100100010111111101111111111110, flags=SA_RESTART|SA_SIGINFO, unblocked
    SIGFPE: crash_handler in libjvm.so, mask=11100100010111111101111111111110, flags=SA_RESTART|SA_SIGINFO, unblocked
   SIGPIPE: javaSignalHandler in libjvm.so, mask=11100100010111111101111111111110, flags=SA_RESTART|SA_SIGINFO, unblocked
   SIGXFSZ: javaSignalHandler in libjvm.so, mask=11100100010111111101111111111110, flags=SA_RESTART|SA_SIGINFO, unblocked
    SIGILL: crash_handler in libjvm.so, mask=11100100010111111101111111111110, flags=SA_RESTART|SA_SIGINFO, unblocked
   SIGUSR2: SR_handler in libjvm.so, mask=00000000000000000000000000000000, flags=SA_RESTART|SA_SIGINFO, unblocked
    SIGHUP: SIG_DFL, mask=00000000000000000000000000000000, flags=none, unblocked
    SIGINT: SIG_DFL, mask=00000000000000000000000000000000, flags=none, unblocked
   SIGTERM: SIG_DFL, mask=00000000000000000000000000000000, flags=none, unblocked
   SIGQUIT: UserHandler in libjvm.so, mask=11100100010111111101111111111110, flags=SA_RESTART|SA_SIGINFO, blocked
   SIGTRAP: crash_handler in libjvm.so, mask=11100100010111111101111111111110, flags=SA_RESTART|SA_SIGINFO, unblocked


Native Memory Tracking:

(Omitting categories weighting less than 1KB)

Total: reserved=17872542KB, committed=92862KB
       malloc: 41626KB #3488, peak=41565KB #3489
       mmap:   reserved=17830916KB, committed=51236KB

-                 Java Heap (reserved=16113664KB, committed=8192KB)
                            (mmap: reserved=16113664KB, committed=8192KB, at peak)

-                     Class (reserved=1048610KB, committed=162KB)
                            (classes #161)
                            (  instance classes #151, array classes #10)
                            (malloc=34KB tag=Class #200) (at peak)
                            (mmap: reserved=1048576KB, committed=128KB, at peak)
                            (  Metadata:   )
                            (    reserved=65536KB, committed=1536KB)
                            (    used=1507KB)
                            (    waste=29KB =1.90%)
                            (  Class space:)
                            (    reserved=1048576KB, committed=128KB)
                            (    used=70KB)
                            (    waste=58KB =45.36%)

-                    Thread (reserved=7189KB, committed=125KB)
                            (threads #7)
                            (stack: reserved=7168KB, committed=104KB, peak=104KB)
                            (malloc=13KB tag=Thread #46) (at peak)
                            (arena=8KB #14) (peak=135KB #14)

-                      Code (reserved=247729KB, committed=7593KB)
                            (malloc=44KB tag=Code #1390) (peak=44KB #1392)
                            (mmap: reserved=247684KB, committed=7548KB, at peak)
                            (arena=1KB #1) (peak=2KB #2)

-                        GC (reserved=376115KB, committed=61555KB)
                            (malloc=27871KB tag=GC #196) (at peak)
                            (mmap: reserved=348244KB, committed=33684KB, at peak)

-                  Internal (reserved=12213KB, committed=12213KB)
                            (malloc=12177KB tag=Internal #1365) (at peak)
                            (mmap: reserved=36KB, committed=36KB, at peak)

-                    Symbol (reserved=1294KB, committed=1294KB)
                            (malloc=774KB tag=Symbol #77) (at peak)
                            (arena=520KB #1) (at peak)

-    Native Memory Tracking (reserved=64KB, committed=64KB)
                            (malloc=3KB tag=Native Memory Tracking #50) (at peak)
                            (tracking overhead=61KB)

-               Arena Chunk (reserved=65KB, committed=65KB)
                            (malloc=65KB tag=Arena Chunk #23) (peak=630KB #24)

-                   Tracing (reserved=2KB, committed=2KB)
                            (malloc=2KB tag=Tracing #12) (at peak)

-                    Module (reserved=9KB, committed=9KB)
                            (malloc=9KB tag=Module #51) (at peak)

-                 Safepoint (reserved=8KB, committed=8KB)
                            (mmap: reserved=8KB, committed=8KB, at peak)

-           Synchronization (reserved=6KB, committed=6KB)
                            (malloc=6KB tag=Synchronization #47) (at peak)

-            Serviceability (reserved=17KB, committed=17KB)
                            (malloc=17KB tag=Serviceability #10) (at peak)

-                 Metaspace (reserved=65548KB, committed=1548KB)
                            (malloc=12KB tag=Metaspace #9) (at peak)
                            (mmap: reserved=65536KB, committed=1536KB, at peak)

-                       JNI (reserved=8KB, committed=8KB)
                            (malloc=8KB tag=JNI #3) (at peak)

Preinit state:entries: 403 (primary: 403, empties: 7788), sum bytes: 25110, longest chain length: 1
pre-init mallocs: 500, pre-init reallocs: 14, pre-init frees: 97
MallocLimit: unset

Compilation memory statistics disabled.

Periodic native trim disabled

---------------  S Y S T E M  ---------------

OS:
Fedora release 42 (Adams)
uname: Linux stooke-laptop 6.15.10-200.fc42.x86_64 #1 SMP PREEMPT_DYNAMIC Fri Aug 15 15:57:06 UTC 2025 x86_64
OS uptime: 19 days 8:00 hours
libc: glibc 2.41 NPTL 2.41 
rlimit (soft/hard): STACK 8192k/infinity , CORE infinity/infinity , NPROC 250737/250737 , NOFILE 524288/524288 , AS infinity/infinity , CPU infinity/infinity , DATA infinity/infinity , FSIZE infinity/infinity , MEMLOCK 8192k/8192k
load average: 22.09 20.72 12.96

/proc/meminfo:
MemTotal:       64422776 kB
MemFree:         1556864 kB
MemAvailable:   32401660 kB
Buffers:            2628 kB
Cached:         29529008 kB
SwapCached:           52 kB
Active:         23398208 kB
Inactive:       29399604 kB
Active(anon):   21370660 kB
Inactive(anon):  2592804 kB
Active(file):    2027548 kB
Inactive(file): 26806800 kB
Unevictable:        6096 kB
Mlocked:            6096 kB
SwapTotal:       8388604 kB
SwapFree:        8372904 kB
Zswap:                 0 kB
Zswapped:              0 kB
Dirty:             40912 kB
Writeback:             0 kB
AnonPages:      23272776 kB
Mapped:          2081788 kB
Shmem:            692196 kB
KReclaimable:    2847876 kB
Slab:            3712216 kB
SReclaimable:    2847876 kB
SUnreclaim:       864340 kB
KernelStack:       46448 kB
PageTables:       187116 kB
SecPageTables:      6176 kB
NFS_Unstable:          0 kB
Bounce:                0 kB
WritebackTmp:          0 kB
CommitLimit:    40599992 kB
Committed_AS:   81248224 kB
VmallocTotal:   34359738367 kB
VmallocUsed:      154172 kB
VmallocChunk:          0 kB
Percpu:            39488 kB
HardwareCorrupted:     0 kB
AnonHugePages:   8181760 kB
ShmemHugePages:        0 kB
ShmemPmdMapped:        0 kB
FileHugePages:         0 kB
FilePmdMapped:         0 kB
CmaTotal:              0 kB
CmaFree:               0 kB
Unaccepted:            0 kB
Balloon:               0 kB
HugePages_Total:       0
HugePages_Free:        0
HugePages_Rsvd:        0
HugePages_Surp:        0
Hugepagesize:       2048 kB
Hugetlb:               0 kB
DirectMap4k:     9032276 kB
DirectMap2M:    55601152 kB
DirectMap1G:     2097152 kB

/sys/kernel/mm/transparent_hugepage/enabled: always [madvise] never
/sys/kernel/mm/transparent_hugepage/hpage_pmd_size: 2097152
/sys/kernel/mm/transparent_hugepage/shmem_enabled: always within_size advise [never] deny force
/sys/kernel/mm/transparent_hugepage/defrag (defrag/compaction efforts parameter): always defer defer+madvise [madvise] never

Process Memory:
Virtual Size: 18376788K (peak: 18376788K)
Resident Set Size: 78520K (peak: 78520K) (anon: 53364K, file: 25124K, shmem: 32K)
Swapped out: 0K
C-Heap outstanding allocations: 42074K, retained: 889K
glibc malloc tunables: (default)

/proc/sys/kernel/threads-max (system-wide limit on the number of threads): 501475
/proc/sys/vm/max_map_count (maximum number of memory map areas a process may have): 1048576
/proc/sys/vm/swappiness (control to define how aggressively the kernel swaps out anonymous memory): 60
/proc/sys/kernel/pid_max (system-wide limit on number of process identifiers): 4194304

container information not found.
Steal ticks since vm start: 0
Steal ticks percentage since vm start:  0.000

CPU: total 16 (initial active 16) (16 cores per cpu, 2 threads per core) family 25 model 116 stepping 1 microcode 0xa70410a, cx8, cmov, fxsr, ht, mmx, 3dnowpref, sse, sse2, sse3, ssse3, sse4a, sse4.1, sse4.2, popcnt, lzcnt, tsc, tscinvbit, avx, avx2, aes, erms, clmul, bmi1, bmi2, adx, avx512f, avx512dq, avx512cd, avx512bw, avx512vl, sha, fma, vzeroupper, avx512_vpopcntdq, avx512_vpclmulqdq, avx512_vaes, avx512_vnni, clflush, clflushopt, clwb, avx512_vbmi2, avx512_vbmi, rdtscp, rdpid, fsrm, gfni, avx512_bitalg, f16c, pku, ospke, cet_ss, avx512_ifma
CPU Model and flags from /proc/cpuinfo:
model name	: AMD Ryzen 7 PRO 7840HS w/ Radeon 780M Graphics
flags		: fpu vme de pse tsc msr pae mce cx8 apic sep mtrr pge mca cmov pat pse36 clflush mmx fxsr sse sse2 ht syscall nx mmxext fxsr_opt pdpe1gb rdtscp lm constant_tsc rep_good amd_lbr_v2 nopl xtopology nonstop_tsc cpuid extd_apicid aperfmperf rapl pni pclmulqdq monitor ssse3 fma cx16 sse4_1 sse4_2 x2apic movbe popcnt aes xsave avx f16c rdrand lahf_lm cmp_legacy svm extapic cr8_legacy abm sse4a misalignsse 3dnowprefetch osvw ibs skinit wdt tce topoext perfctr_core perfctr_nb bpext perfctr_llc mwaitx cpb cat_l3 cdp_l3 hw_pstate ssbd mba perfmon_v2 ibrs ibpb stibp ibrs_enhanced vmmcall fsgsbase bmi1 avx2 smep bmi2 erms invpcid cqm rdt_a avx512f avx512dq rdseed adx smap avx512ifma clflushopt clwb avx512cd sha_ni avx512bw avx512vl xsaveopt xsavec xgetbv1 xsaves cqm_llc cqm_occup_llc cqm_mbm_total cqm_mbm_local user_shstk avx512_bf16 clzero irperf xsaveerptr rdpru wbnoinvd cppc arat npt lbrv svm_lock nrip_save tsc_scale vmcb_clean flushbyasid decodeassists pausefilter pfthreshold vgif x2avic v_spec_ctrl vnmi avx512vbmi umip pku ospke avx512_vbmi2 gfni vaes vpclmulqdq avx512_vnni avx512_bitalg avx512_vpopcntdq rdpid overflow_recov succor smca fsrm flush_l1d amd_lbr_pmc_freeze

Online cpus: 0-15
Offline cpus: 
cache level: 1
cache type: Data
cache size: 32K
cache coherency line size: 64
cache level: 1
cache type: Instruction
cache size: 32K
cache coherency line size: 64
cache level: 2
cache type: Unified
cache size: 1024K
cache coherency line size: 64
cache level: 3
cache type: Unified
cache size: 16384K
cache coherency line size: 64
BIOS frequency limitation: <Not Available>
Frequency switch latency (ns): 20000
Available cpu frequencies: <Not Available>
Maximum cpu frequency: 5137904
Minimum cpu frequency: 419421
Current cpu frequency: 3218713
Available governors: conservative ondemand userspace powersave performance schedutil 
Current governor: schedutil
Core performance/turbo boost: 1

Memory: 4k page, physical 64422776k(32401660k free), swap 8388604k(8372904k free)
Page Sizes: 4k

vm_info: OpenJDK 64-Bit Server VM (fastdebug 26-internal-adhoc.stooke.jdk) for linux-amd64 JRE (26-internal-adhoc.stooke.jdk), built on 2025-09-08T13:44:49Z with gcc 15.2.1 20250808 (Red Hat 15.2.1-1)

END.
