#
# A fatal error has been detected by the Java Runtime Environment:
#
#  Internal Error (/home/stooke/dev/jdk-head/gc-class/jdk/src/hotspot/share/runtime/vmStructs.cpp:2055), pid=890880, tid=890927
#  assert(findType("JstgcHeap") != 0) failed: type "JstgcHeap" not found in type table
#
# JRE version:  (26.0) (fastdebug build )
# Java VM: OpenJDK 64-Bit Server VM (fastdebug 26-internal-adhoc.stooke.jdk, mixed mode, tiered, compressed oops, compressed class ptrs, g1 gc, linux-amd64)
# Problematic frame:
# V  [libjvm.so+0x1b3107f]  VMStructs::init()+0x9a6f
#
# Core dump will be written. Default location: Core dumps may be processed with "/usr/lib/systemd/systemd-coredump %P %u %g %s %t %c %h %d %F" (or dumping to /home/stooke/dev/jdk-head/gc-class/jdk/make/core.890880)
#
#

---------------  S U M M A R Y ------------

Command Line: -Denv.class.path= -Dapplication.home=/home/stooke/dev/jdk-head/gc-class/jdk/build/fastdebug/jdk --add-modules=ALL-DEFAULT -Xms8m -Djava.io.tmpdir=/home/stooke/dev/jdk-head/gc-class/jdk/build/fastdebug/support/javatmp -Djdk.module.main=jdk.compiler jdk.compiler/com.sun.tools.javac.Main -g -Xlint:all -source 26 -target 26 -implicit:none -Xprefer:source -XDignore.symbol.file=true --add-modules jdk.compiler,jdk.jdeps --add-exports jdk.compiler/com.sun.tools.javac.api=ALL-UNNAMED --add-exports jdk.compiler/com.sun.tools.javac.code=ALL-UNNAMED --add-exports jdk.compiler/com.sun.tools.javac.util=ALL-UNNAMED --add-exports jdk.compiler/com.sun.tools.javac.jvm=ALL-UNNAMED -encoding utf-8 -Werror -Xlint:-options -XDmodifiedInputs=/home/stooke/dev/jdk-head/gc-class/jdk/build/fastdebug/buildtools/create_symbols_javac/_the.COMPILE_CREATE_SYMBOLS_batch.modfiles.fixed -d /home/stooke/dev/jdk-head/gc-class/jdk/build/fastdebug/buildtools/create_symbols_javac @/home/stooke/dev/jdk-head/gc-class/jdk/build/fastdebug/buildtools/create_symbols_javac/_the.COMPILE_CREATE_SYMBOLS_batch.filelist

Host: stooke-laptop, AMD Ryzen 7 PRO 7840HS w/ Radeon 780M Graphics, 16 cores, 61G, Fedora release 42 (Adams)
Time: Tue Sep  9 14:57:39 2025 EDT elapsed time: 0.087767 seconds (0d 0h 0m 0s)

---------------  T H R E A D  ---------------

Current thread (0x00007f834c01c740):  JavaThread "Unknown thread" [_thread_in_vm, id=890927, stack(0x00007f8352100000,0x00007f8352200000) (1024K)]

Stack: [0x00007f8352100000,0x00007f8352200000],  sp=0x00007f83521fcbe0,  free space=1010k
Native frames: (J=compiled Java code, j=interpreted, Vv=VM code, C=native code)
V  [libjvm.so+0x1b3107f]  VMStructs::init()+0x9a6f  (vmStructs.cpp:2055)
V  [libjvm.so+0xd223c2]  init_globals2()+0x22  (init.cpp:179)
V  [libjvm.so+0x1a485fb]  Threads::create_vm(JavaVMInitArgs*, bool*)+0x3db  (threads.cpp:615)
V  [libjvm.so+0xeeee74]  JNI_CreateJavaVM+0x54  (jni.cpp:3589)
C  [libjli.so+0x202a]  JavaMain+0x8a  (java.c:1506)
C  [libjli.so+0x61c9]  ThreadJavaMain+0x9  (java_md.c:646)
C  [libc.so.6+0x71154]  start_thread+0x2e4
Registers:
RAX=0x00007f8354cf1000, RBX=0x00007f8354896d84, RCX=0x00007f83543d77f8, RDX=0x00007f83543d7828
RSP=0x00007f83521fcbe0, RBP=0x00007f83521fcbf0, RSI=0x0000000000000807, RDI=0x00007f83543d76e0
R8 =0x0000000000000000, R9 =0x0000000000000000, R10=0x0000000000000000, R11=0x00007f83521ff6c0
R12=0x00007f8354830d30, R13=0x00007f83521fee30, R14=0x00007f834c01c740, R15=0x00007f83521fed7f
RIP=0x00007f8353d3107f, EFLAGS=0x0000000000010246, CSGSFS=0x002b000000000033, ERR=0x0000000000000006
  TRAPNO=0x000000000000000e

XMM[0]=0x00007f83521fcb90 0x0000003000000010
XMM[1]=0x006b636f6c206576 0x69746361206b6165
XMM[2]=0x0000000000000000 0x0000000000000001
XMM[3]=0x0000000000000000 0x00007f835471b5d8
XMM[4]=0xffffffffffffffff 0xffffffff00000005
XMM[5]=0xffffffffffffffff 0xffffffff00000005
XMM[6]=0xffffffffffffffff 0xffffffff00000005
XMM[7]=0x0000000000000000 0x00007f835471b5d8
XMM[8]=0x0000000000000002 0x0000000000000002
XMM[9]=0xffffffffffffffff 0xffffffffffffffff
XMM[10]=0x0000000000000001 0x0000000000000001
XMM[11]=0x0000000000000000 0x00007f83543ff880
XMM[12]=0x0000000000000000 0x00ff00fd00fb00f9
XMM[13]=0x0000000000ff00fb 0x0000000000fe00fa
XMM[14]=0x0000000000000000 0x0000000000000000
XMM[15]=0x0000000000000000 0x0000000000000000
  MXCSR=0x00001fa2


Top of Stack: (sp=0x00007f83521fcbe0)
0x00007f83521fcbe0:   00007f83521fcc30 00007f83548d3f00   0..R.....?.T....
0x00007f83521fcbf0:   00007f83521fcc00 00007f8352f223c2   ...R.....#.R....
0x00007f83521fcc00:   00007f83521fed50 00007f8353c485fb   P..R.......S....
0x00007f83521fcc10:   0000000000000000 0000000000000000   ................
0x00007f83521fcc20:   0000000000000000 00007f834c01c740   ........@..L....
0x00007f83521fcc30:   0000000000000001 000001992fd73cd8   .........<./....
0x00007f83521fcc40:   0000000000000000 0000000000000000   ................
0x00007f83521fcc50:   0000000000000100 0000000000000000   ................
0x00007f83521fcc60:   fefefefefefefefe 0000000000000000   ................
0x00007f83521fcc70:   fefefefefefefefe 00007f835423558d   .........U#T....
0x00007f83521fcc80:   0000000000000000 0000000000000000   ................
0x00007f83521fcc90:   0000000000000000 0000000000000000   ................
0x00007f83521fcca0:   0000000000000000 0000000000000000   ................
0x00007f83521fccb0:   0000000000000000 0000000000000000   ................
0x00007f83521fccc0:   0000000000000000 0000000000000000   ................
0x00007f83521fccd0:   0000000000000000 0000000000000000   ................
0x00007f83521fcce0:   0000000000000000 0000000000000000   ................
0x00007f83521fccf0:   0000000000000000 0000000000000000   ................
0x00007f83521fcd00:   0000000000000000 0000000000000000   ................
0x00007f83521fcd10:   0000000000000000 0000000000000000   ................
0x00007f83521fcd20:   0000000000000000 0000000000000000   ................
0x00007f83521fcd30:   0000000000000000 0000000000000000   ................
0x00007f83521fcd40:   0000000000000000 0000000000000000   ................
0x00007f83521fcd50:   0000000000000000 0000000000000000   ................
0x00007f83521fcd60:   0000000000000000 0000000000000000   ................
0x00007f83521fcd70:   0000000000000000 0000000000000000   ................
0x00007f83521fcd80:   0000000000000000 0000000000000000   ................
0x00007f83521fcd90:   0000000000000000 0000000000000000   ................
0x00007f83521fcda0:   0000000000000000 0000000000000000   ................
0x00007f83521fcdb0:   0000000000000000 0000000000000000   ................
0x00007f83521fcdc0:   0000000000000000 0000000000000000   ................
0x00007f83521fcdd0:   0000000000000000 0000000000000000   ................

Instructions: (pc=0x00007f8353d3107f)
  0x00007f8353d30f7f:   1d 79 6a 00 48 8d 15 3e 79 6a 00 be 15 08 00 00
  0x00007f8353d30f8f:   48 8d 3d 4a 67 6a 00 48 8b 00 c6 00 58 31 c0 e8
  0x00007f8353d30f9f:   3d 9c de fe 48 8d 05 6e b8 ae 00 48 8d 0d cf 66
  0x00007f8353d30faf:   6a 00 48 8d 15 f8 66 6a 00 be 07 08 00 00 48 8d
  0x00007f8353d30fbf:   3d 1c 67 6a 00 48 8b 00 c6 00 58 31 c0 e8 0f 9c
  0x00007f8353d30fcf:   de fe 48 8d 05 40 b8 ae 00 48 8d 0d 51 67 6a 00
  0x00007f8353d30fdf:   48 8d 15 7a 67 6a 00 be 07 08 00 00 48 8d 3d ee
  0x00007f8353d30fef:   66 6a 00 48 8b 00 c6 00 58 31 c0 e8 e1 9b de fe
  0x00007f8353d30fff:   48 8d 05 12 b8 ae 00 48 8d 0d 73 66 6a 00 48 8d
  0x00007f8353d3100f:   15 9c 66 6a 00 be 07 08 00 00 48 8d 3d c0 66 6a
  0x00007f8353d3101f:   00 48 8b 00 c6 00 58 31 c0 e8 b3 9b de fe 48 8d
  0x00007f8353d3102f:   05 e4 b7 ae 00 48 8d 0d 55 67 6a 00 48 8d 15 7e
  0x00007f8353d3103f:   67 6a 00 be 07 08 00 00 48 8d 3d 92 66 6a 00 48
  0x00007f8353d3104f:   8b 00 c6 00 58 31 c0 e8 85 9b de fe 48 8d 05 b6
  0x00007f8353d3105f:   b7 ae 00 48 8d 0d 8f 67 6a 00 48 8d 15 b8 67 6a
  0x00007f8353d3106f:   00 be 07 08 00 00 48 8d 3d 64 66 6a 00 48 8b 00
=>0x00007f8353d3107f:   c6 00 58 31 c0 e8 57 9b de fe 48 8d 05 88 b7 ae
  0x00007f8353d3108f:   00 48 8d 0d 99 66 6a 00 48 8d 15 c2 66 6a 00 be
  0x00007f8353d3109f:   07 08 00 00 48 8d 3d 36 66 6a 00 48 8b 00 c6 00
  0x00007f8353d310af:   58 31 c0 e8 29 9b de fe 48 8d 05 5a b7 ae 00 48
  0x00007f8353d310bf:   8d 0d 33 67 6a 00 48 8d 15 5c 67 6a 00 be 07 08
  0x00007f8353d310cf:   00 00 48 8d 3d 08 66 6a 00 48 8b 00 c6 00 58 31
  0x00007f8353d310df:   c0 e8 fb 9a de fe 48 8d 05 2c b7 ae 00 48 8d 0d
  0x00007f8353d310ef:   9d 66 6a 00 48 8d 15 c6 66 6a 00 be 07 08 00 00
  0x00007f8353d310ff:   48 8d 3d da 65 6a 00 48 8b 00 c6 00 58 31 c0 e8
  0x00007f8353d3110f:   cd 9a de fe 48 8d 05 fe b6 ae 00 48 8d 0d 37 67
  0x00007f8353d3111f:   6a 00 48 8d 15 60 67 6a 00 be 07 08 00 00 48 8d
  0x00007f8353d3112f:   3d ac 65 6a 00 48 8b 00 c6 00 58 31 c0 e8 9f 9a
  0x00007f8353d3113f:   de fe 48 8d 05 d0 b6 ae 00 48 8d 0d 69 67 6a 00
  0x00007f8353d3114f:   48 8d 15 92 67 6a 00 be 07 08 00 00 48 8d 3d 7e
  0x00007f8353d3115f:   65 6a 00 48 8b 00 c6 00 58 31 c0 e8 71 9a de fe
  0x00007f8353d3116f:   48 8d 05 a2 b6 ae 00 48 8d 0d db 66 6a 00 48 8d


Lock stack of current Java thread (top to bottom):


---------------  P R O C E S S  ---------------

uid  : 1000 euid : 1000 gid  : 1000 egid : 1000

umask: 0022 (----w--w-)

Threads class SMR info:
_java_thread_list=0x00007f834c0d0aa0, length=1, elements={
0x00007f834c01c740
}
_java_thread_list_alloc_cnt=2, _java_thread_list_free_cnt=0, _java_thread_list_max=1, _nested_thread_list_max=0
_tlh_cnt=1, _tlh_times=0, avg_tlh_time=0.00, _tlh_time_max=0
_delete_lock_wait_cnt=0, _delete_lock_wait_max=0
_to_delete_list_cnt=0, _to_delete_list_max=0

Java Threads: ( => current thread )
=>0x00007f834c01c740 JavaThread "Unknown thread"             [_thread_in_vm, id=890927, stack(0x00007f8352100000,0x00007f8352200000) (1024K)]
Total: 1

Other Threads:
  0x00007f834c0d0c30 WatcherThread "VM Periodic Task Thread"        [id=890957, stack(0x00007f83296c8000,0x00007f83297c8000) (1024K)]
  0x00007f834c04d720 WorkerThread "GC Thread#0"                     [id=890946, stack(0x00007f8350d64000,0x00007f8350e64000) (1024K)]
  0x00007f834c066920 ConcurrentGCThread "G1 Main Marker"            [id=890947, stack(0x00007f8350c63000,0x00007f8350d63000) (1024K)]
  0x00007f834c067d10 WorkerThread "G1 Conc#0"                       [id=890948, stack(0x00007f8350b62000,0x00007f8350c62000) (1024K)]
  0x00007f834c0bbc00 ConcurrentGCThread "G1 Refine#0"               [id=890954, stack(0x00007f83299a6000,0x00007f8329aa6000) (1024K)]
  0x00007f834c0bd0a0 ConcurrentGCThread "G1 Service"                [id=890955, stack(0x00007f83298a5000,0x00007f83299a5000) (1024K)]
Total: 6

Threads with active compile tasks:
Total: 0

VM state: not at safepoint (not fully initialized)

VM Mutex/Monitor currently owned by a thread: None

Heap address: 0x0000000428800000, size: 15736 MB, Compressed Oops mode: Zero based, Oop shift amount: 3

CDS archive(s) not mapped
Compressed class space mapped at: 0x000000004f000000-0x000000008f000000, reserved size: 1073741824
UseCompressedClassPointers 1, UseCompactObjectHeaders 0
Narrow klass pointer bits 32, Max shift 3
Narrow klass base: 0x0000000000000000, Narrow klass shift: 0
Encoding Range: [0x0000000000000000 - 0x0000000100000000), (4294967296 bytes)
Klass Range:    [0x000000004f000000 - 0x000000008f000000), (1073741824 bytes)
Klass ID Range:  [1325400064 - 2399141881) (1073741817)
No protection zone.

GC Precious Log:
 CardTable entry size: 512
 Card Set container configuration: InlinePtr #cards 4 size 8 Array Of Cards #cards 64 size 144 Howl #buckets 8 coarsen threshold 14745 Howl Bitmap #cards 2048 size 272 coarsen threshold 1843 Card regions per heap region 1 cards per card region 16384
 CPUs: 16 total, 16 available
 Memory: 62912M
 Large Page Support: Disabled
 NUMA Support: Disabled
 Compressed Oops: Enabled (Zero based)
 Heap Region Size: 8M
 Heap Min Capacity: 8M
 Heap Initial Capacity: 8M
 Heap Max Capacity: 15736M
 Pre-touch: Disabled
 Parallel Workers: 13
 Concurrent Workers: 3
 Concurrent Refinement Workers: 13
 Periodic GC: Disabled

Heap:
 garbage-first heap   total reserved 16113664K, committed 8192K, used 0K [0x0000000428800000, 0x0000000800000000)
  region size 8192K, 1 young (8192K), 0 survivors (0K)

Heap Regions: E=young(eden), S=young(survivor), O=old, HS=humongous(starts), HC=humongous(continues), CS=collection set, F=free, TAMS=top-at-mark-start, PB=parsable bottom
|   0|0x0000000428800000, 0x0000000428828fd0, 0x0000000429000000|  2%| E|  |TAMS 0x0000000428800000| PB 0x0000000428800000| Complete |  0

Card table byte_map: [0x00007f8339288000,0x00007f833b144000] _byte_map_base: 0x00007f8337144000

Marking Bits: (CMBitMap*) 0x00007f834c04eae0
 Bits: [0x00007f8329ca8000, 0x00007f8339288000)

GC Heap Usage History (0 events):
No events

Metaspace Usage History (0 events):
No events

Dll operation events (1 events):
Event: 0.013 Loaded shared library /home/stooke/dev/jdk-head/gc-class/jdk/build/fastdebug/jdk/lib/libjava.so

Deoptimization events (0 events):
No events

Classes loaded (20 events):
Event: 0.068 Loading class java/lang/Long
Event: 0.069 Loading class java/lang/Long done
Event: 0.069 Loading class java/lang/Void
Event: 0.069 Loading class java/lang/Void done
Event: 0.069 Loading class java/util/Iterator
Event: 0.069 Loading class java/util/Iterator done
Event: 0.069 Loading class java/lang/reflect/RecordComponent
Event: 0.069 Loading class java/lang/reflect/RecordComponent done
Event: 0.069 Loading class jdk/internal/vm/vector/VectorSupport
Event: 0.069 Loading class jdk/internal/vm/vector/VectorSupport done
Event: 0.069 Loading class jdk/internal/vm/vector/VectorSupport$VectorPayload
Event: 0.069 Loading class jdk/internal/vm/vector/VectorSupport$VectorPayload done
Event: 0.069 Loading class jdk/internal/vm/vector/VectorSupport$Vector
Event: 0.069 Loading class jdk/internal/vm/vector/VectorSupport$Vector done
Event: 0.069 Loading class jdk/internal/vm/vector/VectorSupport$VectorMask
Event: 0.069 Loading class jdk/internal/vm/vector/VectorSupport$VectorMask done
Event: 0.069 Loading class jdk/internal/vm/vector/VectorSupport$VectorShuffle
Event: 0.069 Loading class jdk/internal/vm/vector/VectorSupport$VectorShuffle done
Event: 0.069 Loading class jdk/internal/vm/FillerObject
Event: 0.069 Loading class jdk/internal/vm/FillerObject done

Classes unloaded (0 events):
No events

Classes redefined (0 events):
No events

Internal exceptions (0 events):
No events

VM Operations (0 events):
No events

Memory protections (1 events):
Event: 0.011 Protecting memory [0x00007f8352100000,0x00007f8352104000] with protection modes 0

Nmethod flushes (0 events):
No events

Events (1 events):
Event: 0.042 Thread 0x00007f834c01c740 Thread added: 0x00007f834c01c740


Dynamic libraries:
4f000000-4f020000 rw-p 00000000 00:00 0 
4f020000-8f000000 ---p 00000000 00:00 0 
428800000-429000000 rw-p 00000000 00:00 0 
429000000-800000000 ---p 00000000 00:00 0 
563746930000-563746931000 r-xp 00000000 00:24 33421942                   /home/stooke/dev/jdk-head/gc-class/jdk/build/fastdebug/jdk/bin/javac
563746931000-563746932000 r--p 00001000 00:24 33421942                   /home/stooke/dev/jdk-head/gc-class/jdk/build/fastdebug/jdk/bin/javac
563746932000-563746933000 r--p 00001000 00:24 33421942                   /home/stooke/dev/jdk-head/gc-class/jdk/build/fastdebug/jdk/bin/javac
563746933000-563746934000 rw-p 00002000 00:24 33421942                   /home/stooke/dev/jdk-head/gc-class/jdk/build/fastdebug/jdk/bin/javac
563782dad000-563782df5000 rw-p 00000000 00:00 0                          [heap]
7f8308000000-7f8308180000 rw-p 00000000 00:00 0 
7f8308180000-7f830c000000 ---p 00000000 00:00 0 
7f830c000000-7f830c021000 rw-p 00000000 00:00 0 
7f830c021000-7f8310000000 ---p 00000000 00:00 0 
7f8310000000-7f8310021000 rw-p 00000000 00:00 0 
7f8310021000-7f8314000000 ---p 00000000 00:00 0 
7f8314000000-7f8314021000 rw-p 00000000 00:00 0 
7f8314021000-7f8318000000 ---p 00000000 00:00 0 
7f831a000000-7f831c021000 rw-p 00000000 00:00 0 
7f831c021000-7f8320000000 ---p 00000000 00:00 0 
7f8320000000-7f8320021000 rw-p 00000000 00:00 0 
7f8320021000-7f8324000000 ---p 00000000 00:00 0 
7f8324000000-7f8324021000 rw-p 00000000 00:00 0 
7f8324021000-7f8328000000 ---p 00000000 00:00 0 
7f8328b78000-7f83296c7000 rw-p 00000000 00:00 0 
7f83296c7000-7f83296c8000 ---p 00000000 00:00 0 
7f83296c8000-7f83297c8000 rw-p 00000000 00:00 0 
7f83297c8000-7f83298a4000 rw-p 00000000 00:00 0 
7f83298a4000-7f83298a5000 ---p 00000000 00:00 0 
7f83298a5000-7f83299a5000 rw-p 00000000 00:00 0 
7f83299a5000-7f83299a6000 ---p 00000000 00:00 0 
7f83299a6000-7f8329aa6000 rw-p 00000000 00:00 0 
7f8329aa6000-7f8329cc8000 rw-p 00000000 00:00 0 
7f8329cc8000-7f8339288000 ---p 00000000 00:00 0 
7f8339288000-7f833928c000 rw-p 00000000 00:00 0 
7f833928c000-7f833b144000 ---p 00000000 00:00 0 
7f833b144000-7f833b148000 rw-p 00000000 00:00 0 
7f833b148000-7f833d000000 ---p 00000000 00:00 0 
7f833d000000-7f833d270000 rwxp 00000000 00:00 0 
7f833d270000-7f834445f000 ---p 00000000 00:00 0 
7f834445f000-7f83446cf000 rwxp 00000000 00:00 0 
7f83446cf000-7f8344b9f000 ---p 00000000 00:00 0 
7f8344b9f000-7f8344e0f000 rwxp 00000000 00:00 0 
7f8344e0f000-7f834c000000 ---p 00000000 00:00 0 
7f834c000000-7f834c177000 rw-p 00000000 00:00 0 
7f834c177000-7f8350000000 ---p 00000000 00:00 0 
7f8350015000-7f8350b61000 rw-p 00000000 00:00 0 
7f8350b61000-7f8350b62000 ---p 00000000 00:00 0 
7f8350b62000-7f8350c62000 rw-p 00000000 00:00 0 
7f8350c62000-7f8350c63000 ---p 00000000 00:00 0 
7f8350c63000-7f8350d63000 rw-p 00000000 00:00 0 
7f8350d63000-7f8350d64000 ---p 00000000 00:00 0 
7f8350d64000-7f8350e64000 rw-p 00000000 00:00 0 
7f8350e64000-7f8351c33000 rw-p 00000000 00:00 0 
7f8351c33000-7f8351d17000 ---p 00000000 00:00 0 
7f8351d17000-7f8351d1c000 rw-p 00000000 00:00 0 
7f8351d1c000-7f8351e00000 ---p 00000000 00:00 0 
7f8351e00000-7f8351f41000 r-xp 00000000 00:24 4873235                    /usr/lib64/libstdc++.so.6.0.34
7f8351f41000-7f8352061000 r--p 00141000 00:24 4873235                    /usr/lib64/libstdc++.so.6.0.34
7f8352061000-7f8352072000 r--p 00260000 00:24 4873235                    /usr/lib64/libstdc++.so.6.0.34
7f8352072000-7f8352073000 rw-p 00271000 00:24 4873235                    /usr/lib64/libstdc++.so.6.0.34
7f8352073000-7f8352077000 rw-p 00000000 00:00 0 
7f8352085000-7f8352100000 rw-p 00000000 00:00 0 
7f8352100000-7f8352104000 ---p 00000000 00:00 0 
7f8352104000-7f8352200000 rw-p 00000000 00:00 0 
7f8352200000-7f8353e7d000 r-xp 00000000 00:24 33420529                   /home/stooke/dev/jdk-head/gc-class/jdk/build/fastdebug/jdk/lib/server/libjvm.so
7f8353e7d000-7f8354705000 r--p 01c7d000 00:24 33420529                   /home/stooke/dev/jdk-head/gc-class/jdk/build/fastdebug/jdk/lib/server/libjvm.so
7f8354705000-7f8354817000 r--p 02504000 00:24 33420529                   /home/stooke/dev/jdk-head/gc-class/jdk/build/fastdebug/jdk/lib/server/libjvm.so
7f8354817000-7f8354845000 rw-p 02616000 00:24 33420529                   /home/stooke/dev/jdk-head/gc-class/jdk/build/fastdebug/jdk/lib/server/libjvm.so
7f8354845000-7f835490c000 rw-p 00000000 00:00 0 
7f8354914000-7f8354987000 rw-p 00000000 00:00 0 
7f8354987000-7f8354991000 ---p 00000000 00:00 0 
7f8354991000-7f83549a0000 r-xp 00000000 00:24 33421264                   /home/stooke/dev/jdk-head/gc-class/jdk/build/fastdebug/jdk/lib/libjava.so
7f83549a0000-7f83549b1000 r--p 0000f000 00:24 33421264                   /home/stooke/dev/jdk-head/gc-class/jdk/build/fastdebug/jdk/lib/libjava.so
7f83549b1000-7f83549b2000 r--p 00020000 00:24 33421264                   /home/stooke/dev/jdk-head/gc-class/jdk/build/fastdebug/jdk/lib/libjava.so
7f83549b2000-7f83549b3000 rw-p 00021000 00:24 33421264                   /home/stooke/dev/jdk-head/gc-class/jdk/build/fastdebug/jdk/lib/libjava.so
7f83549b3000-7f83549b4000 rw-p 00000000 00:00 0 
7f83549b4000-7f83549d7000 r-xp 00000000 00:24 4873225                    /usr/lib64/libgcc_s-15-20250808.so.1
7f83549d7000-7f83549de000 r--p 00023000 00:24 4873225                    /usr/lib64/libgcc_s-15-20250808.so.1
7f83549de000-7f83549df000 r--p 0002a000 00:24 4873225                    /usr/lib64/libgcc_s-15-20250808.so.1
7f83549df000-7f83549e0000 rw-p 00000000 00:00 0 
7f83549e0000-7f8354a5c000 r-xp 00000000 00:24 4628848                    /usr/lib64/libm.so.6
7f8354a5c000-7f8354acc000 r--p 0007c000 00:24 4628848                    /usr/lib64/libm.so.6
7f8354acc000-7f8354acd000 r--p 000eb000 00:24 4628848                    /usr/lib64/libm.so.6
7f8354acd000-7f8354ace000 rw-p 000ec000 00:24 4628848                    /usr/lib64/libm.so.6
7f8354ace000-7f8354ad0000 rw-p 00000000 00:00 0 
7f8354ad0000-7f8354ae7000 r-xp 00000000 00:24 4873249                    /usr/lib64/libz.so.1.3.1.zlib-ng
7f8354ae7000-7f8354af1000 r--p 00017000 00:24 4873249                    /usr/lib64/libz.so.1.3.1.zlib-ng
7f8354af1000-7f8354af2000 r--p 00020000 00:24 4873249                    /usr/lib64/libz.so.1.3.1.zlib-ng
7f8354af2000-7f8354af3000 rw-p 00021000 00:24 4873249                    /usr/lib64/libz.so.1.3.1.zlib-ng
7f8354af3000-7f8354c61000 r-xp 00000000 00:24 4628846                    /usr/lib64/libc.so.6
7f8354c61000-7f8354cd6000 r--p 0016e000 00:24 4628846                    /usr/lib64/libc.so.6
7f8354cd6000-7f8354cda000 r--p 001e2000 00:24 4628846                    /usr/lib64/libc.so.6
7f8354cda000-7f8354cdc000 rw-p 001e6000 00:24 4628846                    /usr/lib64/libc.so.6
7f8354cdc000-7f8354ce4000 rw-p 00000000 00:00 0 
7f8354ce7000-7f8354cef000 rw-s 00000000 00:29 15708                      /tmp/hsperfdata_stooke/890880
7f8354cef000-7f8354cf0000 ---p 00000000 00:00 0 
7f8354cf0000-7f8354cf1000 r--p 00000000 00:00 0 
7f8354cf1000-7f8354cf2000 rwxp 00000000 00:00 0 
7f8354cf2000-7f8354cf5000 r-xp 00000000 00:24 33421296                   /home/stooke/dev/jdk-head/gc-class/jdk/build/fastdebug/jdk/lib/libjimage.so
7f8354cf5000-7f8354cf8000 r--p 00003000 00:24 33421296                   /home/stooke/dev/jdk-head/gc-class/jdk/build/fastdebug/jdk/lib/libjimage.so
7f8354cf8000-7f8354cf9000 r--p 00006000 00:24 33421296                   /home/stooke/dev/jdk-head/gc-class/jdk/build/fastdebug/jdk/lib/libjimage.so
7f8354cf9000-7f8354cfa000 rw-p 00007000 00:24 33421296                   /home/stooke/dev/jdk-head/gc-class/jdk/build/fastdebug/jdk/lib/libjimage.so
7f8354cfa000-7f8354d04000 r-xp 00000000 00:24 33421322                   /home/stooke/dev/jdk-head/gc-class/jdk/build/fastdebug/jdk/lib/libjli.so
7f8354d04000-7f8354d09000 r--p 0000a000 00:24 33421322                   /home/stooke/dev/jdk-head/gc-class/jdk/build/fastdebug/jdk/lib/libjli.so
7f8354d09000-7f8354d0a000 r--p 0000e000 00:24 33421322                   /home/stooke/dev/jdk-head/gc-class/jdk/build/fastdebug/jdk/lib/libjli.so
7f8354d0a000-7f8354d0b000 rw-p 0000f000 00:24 33421322                   /home/stooke/dev/jdk-head/gc-class/jdk/build/fastdebug/jdk/lib/libjli.so
7f8354d0b000-7f8354d0d000 rw-p 00000000 00:00 0 
7f8354d0d000-7f8354d11000 r--p 00000000 00:00 0                          [vvar]
7f8354d11000-7f8354d13000 r--p 00000000 00:00 0                          [vvar_vclock]
7f8354d13000-7f8354d15000 r-xp 00000000 00:00 0                          [vdso]
7f8354d15000-7f8354d3e000 r-xp 00000000 00:24 4628843                    /usr/lib64/ld-linux-x86-64.so.2
7f8354d3e000-7f8354d49000 r--p 00029000 00:24 4628843                    /usr/lib64/ld-linux-x86-64.so.2
7f8354d49000-7f8354d4b000 r--p 00034000 00:24 4628843                    /usr/lib64/ld-linux-x86-64.so.2
7f8354d4b000-7f8354d4c000 rw-p 00036000 00:24 4628843                    /usr/lib64/ld-linux-x86-64.so.2
7f8354d4c000-7f8354d4d000 rw-p 00000000 00:00 0 
7ffcdc62f000-7ffcdc651000 rw-p 00000000 00:00 0                          [stack]
ffffffffff600000-ffffffffff601000 --xp 00000000 00:00 0                  [vsyscall]
Total number of mappings: 117

JVMTI agents: none


VM Arguments:
jvm_args: -Denv.class.path= -Dapplication.home=/home/stooke/dev/jdk-head/gc-class/jdk/build/fastdebug/jdk --add-modules=ALL-DEFAULT -Xms8m -Djava.io.tmpdir=/home/stooke/dev/jdk-head/gc-class/jdk/build/fastdebug/support/javatmp -Djdk.module.main=jdk.compiler 
java_command: jdk.compiler/com.sun.tools.javac.Main -g -Xlint:all -source 26 -target 26 -implicit:none -Xprefer:source -XDignore.symbol.file=true --add-modules jdk.compiler,jdk.jdeps --add-exports jdk.compiler/com.sun.tools.javac.api=ALL-UNNAMED --add-exports jdk.compiler/com.sun.tools.javac.code=ALL-UNNAMED --add-exports jdk.compiler/com.sun.tools.javac.util=ALL-UNNAMED --add-exports jdk.compiler/com.sun.tools.javac.jvm=ALL-UNNAMED -encoding utf-8 -Werror -Xlint:-options -XDmodifiedInputs=/home/stooke/dev/jdk-head/gc-class/jdk/build/fastdebug/buildtools/create_symbols_javac/_the.COMPILE_CREATE_SYMBOLS_batch.modfiles.fixed -d /home/stooke/dev/jdk-head/gc-class/jdk/build/fastdebug/buildtools/create_symbols_javac @/home/stooke/dev/jdk-head/gc-class/jdk/build/fastdebug/buildtools/create_symbols_javac/_the.COMPILE_CREATE_SYMBOLS_batch.filelist
java_class_path (initial): <not set>
Launcher Type: SUN_STANDARD

[Global flags]
     bool AOTAdapterCaching                        = false                                  {diagnostic} {ergonomic}     Enable saving and restoring i2c2i adapters in AOT cache
     bool AOTInvokeDynamicLinking                  = false                                  {diagnostic} {ergonomic}     AOT-link JVM_CONSTANT_InvokeDynamic entries in cached ConstantPools
     bool AOTRecordTraining                        = false                                  {diagnostic} {ergonomic}     Request output of training data for improved deployment.
     bool AOTReplayTraining                        = false                                  {diagnostic} {ergonomic}     Read training data, if available, for use in this execution
     bool AOTStubCaching                           = false                                  {diagnostic} {ergonomic}     Enable saving and restoring stubs and code blobs in AOT cache
     intx CICompilerCount                          = 12                                        {product} {ergonomic}     Number of compiler threads to run
     uint ConcGCThreads                            = 3                                         {product} {ergonomic}     Number of threads concurrent gc will use
     uint G1ConcRefinementThreads                  = 13                                        {product} {ergonomic}     The number of parallel remembered set update threads. Will be set ergonomically by default.
   size_t G1HeapRegionSize                         = 8388608                                   {product} {ergonomic}     Size of the G1 regions.
   size_t InitialHeapSize                          = 8388608                                   {product} {command line}  Initial heap size (in bytes); zero means use ergonomics
     bool IntelJccErratumMitigation                = false                             {ARCH diagnostic} {ergonomic}     Turn off JVM mitigations related to Intel micro code mitigations for the Intel JCC erratum
   size_t MarkStackSize                            = 4194304                                   {product} {ergonomic}     Size of marking stack in bytes.
   size_t MarkStackSizeMax                         = 536870912                                 {product} {ergonomic}     Maximum size of marking stack in bytes.
   size_t MaxHeapSize                              = 16500391936                               {product} {ergonomic}     Maximum heap size (in bytes)
   size_t MaxNewSize                               = 9898557440                                {product} {ergonomic}     Maximum new generation size (in bytes), max_uintx means set ergonomically
   size_t MinHeapDeltaBytes                        = 8388608                                   {product} {ergonomic}     The minimum change in heap space due to GC (in bytes)
   size_t MinHeapSize                              = 8388608                                   {product} {command line}  Minimum heap size (in bytes); zero means use ergonomics
   size_t NonNMethodCodeHeapSize                   = 7602176                                {pd product} {ergonomic}     Size of code heap with non-nmethods (in bytes)
   size_t NonProfiledCodeHeapSize                  = 122032128                              {pd product} {ergonomic}     Size of code heap with non-profiled methods (in bytes)
   size_t ProfiledCodeHeapSize                     = 122023936                              {pd product} {ergonomic}     Size of code heap with profiled methods (in bytes)
   size_t ReservedCodeCacheSize                    = 251658240                              {pd product} {ergonomic}     Reserved code cache size (in bytes) - maximum code cache size
     bool SegmentedCodeCache                       = true                                      {product} {ergonomic}     Use a segmented code cache
   size_t SoftMaxHeapSize                          = 16500391936                            {manageable} {ergonomic}     Soft limit for maximum heap size (in bytes)
     bool THPStackMitigation                       = false                                  {diagnostic} {ergonomic}     If THPs are unconditionally enabled on the system (mode "always"), the JVM will prevent THP from forming in thread stacks. When disabled, the absence of this mitigationallows THPs to form in thread stacks.
     bool UseCompressedOops                        = true                           {product lp64_product} {ergonomic}   Use 32-bit object references in 64-bit VM. lp64_product means flag is always constant in 32 bit VM
     bool UseG1GC                                  = true                                      {product} {ergonomic}     Use the Garbage-First garbage collector
      int X86ICacheSync                            = 3                                 {ARCH diagnostic} {ergonomic}     Select the X86 ICache sync mechanism: -1 = auto-select; 0 = none (dangerous); 1 = CLFLUSH loop; 2 = CLFLUSHOPT loop; 3 = CLWB loop; 4 = single CPUID; 5 = single SERIALIZE. Explicitly selected mechanism will fail at startup if hardware does not support it.

Logging:
Log output configuration:
 #0: stdout all=warning uptime,level,tags foldmultilines=false
 #1: stderr all=off uptime,level,tags foldmultilines=false

Release file:
<release file has not been read>
Environment Variables:
CLASSPATH=
PATH=/home/stooke/tools/idea-IC-243.21565.193/bin:/home/stooke/tools/idea-IC-243.21565.193/bin:/home/stooke/.local/bin:/home/stooke/bin:/usr/local/sbin:/usr/local/bin:/usr/sbin:/usr/bin
USERNAME=stooke
SHELL=/bin/bash
DISPLAY=:0
WAYLAND_DISPLAY=wayland-0
LANG=en_US.UTF-8
LC_ALL=C.UTF-8
TERM=xterm-256color

Active Locale:
LC_ALL=C
LC_COLLATE=C
LC_CTYPE=C
LC_MESSAGES=C
LC_MONETARY=C
LC_NUMERIC=C
LC_TIME=C

Signal Handlers:
   SIGSEGV: crash_handler in libjvm.so, mask=11100100010111111101111111111110, flags=SA_RESTART|SA_SIGINFO, unblocked
    SIGBUS: crash_handler in libjvm.so, mask=11100100010111111101111111111110, flags=SA_RESTART|SA_SIGINFO, unblocked
    SIGFPE: crash_handler in libjvm.so, mask=11100100010111111101111111111110, flags=SA_RESTART|SA_SIGINFO, unblocked
   SIGPIPE: javaSignalHandler in libjvm.so, mask=11100100010111111101111111111110, flags=SA_RESTART|SA_SIGINFO, unblocked
   SIGXFSZ: javaSignalHandler in libjvm.so, mask=11100100010111111101111111111110, flags=SA_RESTART|SA_SIGINFO, unblocked
    SIGILL: crash_handler in libjvm.so, mask=11100100010111111101111111111110, flags=SA_RESTART|SA_SIGINFO, unblocked
   SIGUSR2: SR_handler in libjvm.so, mask=00000000000000000000000000000000, flags=SA_RESTART|SA_SIGINFO, unblocked
    SIGHUP: SIG_DFL, mask=00000000000000000000000000000000, flags=none, unblocked
    SIGINT: SIG_DFL, mask=00000000000000000000000000000000, flags=none, unblocked
   SIGTERM: SIG_DFL, mask=00000000000000000000000000000000, flags=none, unblocked
   SIGQUIT: UserHandler in libjvm.so, mask=11100100010111111101111111111110, flags=SA_RESTART|SA_SIGINFO, blocked
   SIGTRAP: crash_handler in libjvm.so, mask=11100100010111111101111111111110, flags=SA_RESTART|SA_SIGINFO, unblocked


Native Memory Tracking:

(Omitting categories weighting less than 1KB)

Total: reserved=17872542KB, committed=92862KB
       malloc: 41626KB #3490, peak=41565KB #3491
       mmap:   reserved=17830916KB, committed=51236KB

-                 Java Heap (reserved=16113664KB, committed=8192KB)
                            (mmap: reserved=16113664KB, committed=8192KB, at peak)

-                     Class (reserved=1048610KB, committed=162KB)
                            (classes #161)
                            (  instance classes #151, array classes #10)
                            (malloc=34KB tag=Class #200) (at peak)
                            (mmap: reserved=1048576KB, committed=128KB, at peak)
                            (  Metadata:   )
                            (    reserved=65536KB, committed=1536KB)
                            (    used=1507KB)
                            (    waste=29KB =1.90%)
                            (  Class space:)
                            (    reserved=1048576KB, committed=128KB)
                            (    used=70KB)
                            (    waste=58KB =45.36%)

-                    Thread (reserved=7189KB, committed=125KB)
                            (threads #7)
                            (stack: reserved=7168KB, committed=104KB, peak=104KB)
                            (malloc=13KB tag=Thread #46) (at peak)
                            (arena=8KB #14) (peak=135KB #14)

-                      Code (reserved=247729KB, committed=7593KB)
                            (malloc=44KB tag=Code #1390) (peak=44KB #1392)
                            (mmap: reserved=247684KB, committed=7548KB, at peak)
                            (arena=1KB #1) (peak=2KB #2)

-                        GC (reserved=376115KB, committed=61555KB)
                            (malloc=27871KB tag=GC #196) (at peak)
                            (mmap: reserved=348244KB, committed=33684KB, at peak)

-                  Internal (reserved=12213KB, committed=12213KB)
                            (malloc=12177KB tag=Internal #1365) (at peak)
                            (mmap: reserved=36KB, committed=36KB, at peak)

-                    Symbol (reserved=1294KB, committed=1294KB)
                            (malloc=774KB tag=Symbol #77) (at peak)
                            (arena=520KB #1) (at peak)

-    Native Memory Tracking (reserved=65KB, committed=65KB)
                            (malloc=3KB tag=Native Memory Tracking #52) (at peak)
                            (tracking overhead=61KB)

-               Arena Chunk (reserved=65KB, committed=65KB)
                            (malloc=65KB tag=Arena Chunk #23) (peak=630KB #24)

-                   Tracing (reserved=2KB, committed=2KB)
                            (malloc=2KB tag=Tracing #12) (at peak)

-                    Module (reserved=9KB, committed=9KB)
                            (malloc=9KB tag=Module #51) (at peak)

-                 Safepoint (reserved=8KB, committed=8KB)
                            (mmap: reserved=8KB, committed=8KB, at peak)

-           Synchronization (reserved=6KB, committed=6KB)
                            (malloc=6KB tag=Synchronization #47) (at peak)

-            Serviceability (reserved=17KB, committed=17KB)
                            (malloc=17KB tag=Serviceability #10) (at peak)

-                 Metaspace (reserved=65548KB, committed=1548KB)
                            (malloc=12KB tag=Metaspace #9) (at peak)
                            (mmap: reserved=65536KB, committed=1536KB, at peak)

-                       JNI (reserved=8KB, committed=8KB)
                            (malloc=8KB tag=JNI #3) (at peak)

Preinit state:entries: 403 (primary: 402, empties: 7789), sum bytes: 25110, longest chain length: 2
pre-init mallocs: 500, pre-init reallocs: 14, pre-init frees: 97
MallocLimit: unset

Compilation memory statistics disabled.

Periodic native trim disabled

---------------  S Y S T E M  ---------------

OS:
Fedora release 42 (Adams)
uname: Linux stooke-laptop 6.15.10-200.fc42.x86_64 #1 SMP PREEMPT_DYNAMIC Fri Aug 15 15:57:06 UTC 2025 x86_64
OS uptime: 19 days 6:39 hours
libc: glibc 2.41 NPTL 2.41 
rlimit (soft/hard): STACK 8192k/infinity , CORE infinity/infinity , NPROC 250737/250737 , NOFILE 524288/524288 , AS infinity/infinity , CPU infinity/infinity , DATA infinity/infinity , FSIZE infinity/infinity , MEMLOCK 8192k/8192k
load average: 10.36 6.46 5.23

/proc/meminfo:
MemTotal:       64422776 kB
MemFree:         2489396 kB
MemAvailable:   35076148 kB
Buffers:            2628 kB
Cached:         31129340 kB
SwapCached:           52 kB
Active:         21113472 kB
Inactive:       30704008 kB
Active(anon):   19022524 kB
Inactive(anon):  2356052 kB
Active(file):    2090948 kB
Inactive(file): 28347956 kB
Unevictable:        6096 kB
Mlocked:            6096 kB
SwapTotal:       8388604 kB
SwapFree:        8372908 kB
Zswap:                 0 kB
Zswapped:              0 kB
Dirty:           1542724 kB
Writeback:          2724 kB
AnonPages:      20692288 kB
Mapped:          2065588 kB
Shmem:            687948 kB
KReclaimable:    2870588 kB
Slab:            3744316 kB
SReclaimable:    2870588 kB
SUnreclaim:       873728 kB
KernelStack:       47600 kB
PageTables:       188212 kB
SecPageTables:      6176 kB
NFS_Unstable:          0 kB
Bounce:                0 kB
WritebackTmp:          0 kB
CommitLimit:    40599992 kB
Committed_AS:   82361780 kB
VmallocTotal:   34359738367 kB
VmallocUsed:      155172 kB
VmallocChunk:          0 kB
Percpu:            39488 kB
HardwareCorrupted:     0 kB
AnonHugePages:   8165376 kB
ShmemHugePages:        0 kB
ShmemPmdMapped:        0 kB
FileHugePages:         0 kB
FilePmdMapped:         0 kB
CmaTotal:              0 kB
CmaFree:               0 kB
Unaccepted:            0 kB
Balloon:               0 kB
HugePages_Total:       0
HugePages_Free:        0
HugePages_Rsvd:        0
HugePages_Surp:        0
Hugepagesize:       2048 kB
Hugetlb:               0 kB
DirectMap4k:     9032276 kB
DirectMap2M:    55601152 kB
DirectMap1G:     2097152 kB

/sys/kernel/mm/transparent_hugepage/enabled: always [madvise] never
/sys/kernel/mm/transparent_hugepage/hpage_pmd_size: 2097152
/sys/kernel/mm/transparent_hugepage/shmem_enabled: always within_size advise [never] deny force
/sys/kernel/mm/transparent_hugepage/defrag (defrag/compaction efforts parameter): always defer defer+madvise [madvise] never

Process Memory:
Virtual Size: 18376788K (peak: 18376788K)
Resident Set Size: 78472K (peak: 78472K) (anon: 53364K, file: 25076K, shmem: 32K)
Swapped out: 0K
C-Heap outstanding allocations: 42074K, retained: 889K
glibc malloc tunables: (default)

/proc/sys/kernel/threads-max (system-wide limit on the number of threads): 501475
/proc/sys/vm/max_map_count (maximum number of memory map areas a process may have): 1048576
/proc/sys/vm/swappiness (control to define how aggressively the kernel swaps out anonymous memory): 60
/proc/sys/kernel/pid_max (system-wide limit on number of process identifiers): 4194304

container information not found.
Steal ticks since vm start: 0
Steal ticks percentage since vm start:  0.000

CPU: total 16 (initial active 16) (16 cores per cpu, 2 threads per core) family 25 model 116 stepping 1 microcode 0xa70410a, cx8, cmov, fxsr, ht, mmx, 3dnowpref, sse, sse2, sse3, ssse3, sse4a, sse4.1, sse4.2, popcnt, lzcnt, tsc, tscinvbit, avx, avx2, aes, erms, clmul, bmi1, bmi2, adx, avx512f, avx512dq, avx512cd, avx512bw, avx512vl, sha, fma, vzeroupper, avx512_vpopcntdq, avx512_vpclmulqdq, avx512_vaes, avx512_vnni, clflush, clflushopt, clwb, avx512_vbmi2, avx512_vbmi, rdtscp, rdpid, fsrm, gfni, avx512_bitalg, f16c, pku, ospke, cet_ss, avx512_ifma
CPU Model and flags from /proc/cpuinfo:
model name	: AMD Ryzen 7 PRO 7840HS w/ Radeon 780M Graphics
flags		: fpu vme de pse tsc msr pae mce cx8 apic sep mtrr pge mca cmov pat pse36 clflush mmx fxsr sse sse2 ht syscall nx mmxext fxsr_opt pdpe1gb rdtscp lm constant_tsc rep_good amd_lbr_v2 nopl xtopology nonstop_tsc cpuid extd_apicid aperfmperf rapl pni pclmulqdq monitor ssse3 fma cx16 sse4_1 sse4_2 x2apic movbe popcnt aes xsave avx f16c rdrand lahf_lm cmp_legacy svm extapic cr8_legacy abm sse4a misalignsse 3dnowprefetch osvw ibs skinit wdt tce topoext perfctr_core perfctr_nb bpext perfctr_llc mwaitx cpb cat_l3 cdp_l3 hw_pstate ssbd mba perfmon_v2 ibrs ibpb stibp ibrs_enhanced vmmcall fsgsbase bmi1 avx2 smep bmi2 erms invpcid cqm rdt_a avx512f avx512dq rdseed adx smap avx512ifma clflushopt clwb avx512cd sha_ni avx512bw avx512vl xsaveopt xsavec xgetbv1 xsaves cqm_llc cqm_occup_llc cqm_mbm_total cqm_mbm_local user_shstk avx512_bf16 clzero irperf xsaveerptr rdpru wbnoinvd cppc arat npt lbrv svm_lock nrip_save tsc_scale vmcb_clean flushbyasid decodeassists pausefilter pfthreshold vgif x2avic v_spec_ctrl vnmi avx512vbmi umip pku ospke avx512_vbmi2 gfni vaes vpclmulqdq avx512_vnni avx512_bitalg avx512_vpopcntdq rdpid overflow_recov succor smca fsrm flush_l1d amd_lbr_pmc_freeze

Online cpus: 0-15
Offline cpus: 
cache level: 1
cache type: Data
cache size: 32K
cache coherency line size: 64
cache level: 1
cache type: Instruction
cache size: 32K
cache coherency line size: 64
cache level: 2
cache type: Unified
cache size: 1024K
cache coherency line size: 64
cache level: 3
cache type: Unified
cache size: 16384K
cache coherency line size: 64
BIOS frequency limitation: <Not Available>
Frequency switch latency (ns): 20000
Available cpu frequencies: <Not Available>
Maximum cpu frequency: 5137904
Minimum cpu frequency: 419421
Current cpu frequency: 4416308
Available governors: conservative ondemand userspace powersave performance schedutil 
Current governor: schedutil
Core performance/turbo boost: 1

Memory: 4k page, physical 64422776k(35076148k free), swap 8388604k(8372908k free)
Page Sizes: 4k

vm_info: OpenJDK 64-Bit Server VM (fastdebug 26-internal-adhoc.stooke.jdk) for linux-amd64 JRE (26-internal-adhoc.stooke.jdk), built on 2025-09-08T13:44:49Z with gcc 15.2.1 20250808 (Red Hat 15.2.1-1)

END.
